[I 2025-07-26 11:34:17,253] Trial 335 pruned. 
[I 2025-07-26 11:34:19,293] Trial 336 pruned. 
[I 2025-07-26 11:34:22,826] Trial 337 pruned. 
[I 2025-07-26 11:34:25,163] Trial 338 pruned. 
[I 2025-07-26 11:35:35,810] Trial 339 finished with value: 0.9086739908934485 and parameters: {'lr': 0.001243129637649219, 'weight_decay': 3.854060257865005e-05, 'dropout': 0.1, 'num_layers': 5, 'hidden_channels': 192, 'batch_size': 16}. Best is trial 168 with value: 0.9040623931410008.
[I 2025-07-26 11:35:38,285] Trial 340 pruned. 
[I 2025-07-26 11:35:40,607] Trial 341 pruned. 
[I 2025-07-26 11:35:43,110] Trial 342 pruned. 
[I 2025-07-26 11:35:44,913] Trial 343 pruned. 
[I 2025-07-26 11:35:47,255] Trial 344 pruned. 
[I 2025-07-26 11:35:49,545] Trial 345 pruned. 
[I 2025-07-26 11:35:51,690] Trial 346 pruned. 
[I 2025-07-26 11:35:54,130] Trial 347 pruned. 
[I 2025-07-26 11:35:56,379] Trial 348 pruned. 
[I 2025-07-26 11:35:58,745] Trial 349 pruned. 
[I 2025-07-26 11:36:01,064] Trial 350 pruned. 
[I 2025-07-26 11:36:03,394] Trial 351 pruned. 
[I 2025-07-26 11:36:05,694] Trial 352 pruned. 
[I 2025-07-26 11:36:07,975] Trial 353 pruned. 
[I 2025-07-26 11:36:10,274] Trial 354 pruned. 
[I 2025-07-26 11:36:12,089] Trial 355 pruned. 
[I 2025-07-26 11:36:14,316] Trial 356 pruned. 
[I 2025-07-26 11:36:16,681] Trial 357 pruned. 
[I 2025-07-26 11:36:18,970] Trial 358 pruned. 
[I 2025-07-26 11:36:21,373] Trial 359 pruned. 
[I 2025-07-26 11:36:23,639] Trial 360 pruned. 
[I 2025-07-26 11:36:25,625] Trial 361 pruned. 
[I 2025-07-26 11:36:27,931] Trial 362 pruned. 
[I 2025-07-26 11:36:29,707] Trial 363 pruned. 
[I 2025-07-26 11:36:32,693] Trial 364 pruned. 
[I 2025-07-26 11:36:35,016] Trial 365 pruned. 
[I 2025-07-26 11:36:37,509] Trial 366 pruned. 
[I 2025-07-26 11:36:39,254] Trial 367 pruned. 
[I 2025-07-26 11:36:50,676] Trial 368 pruned. 
[I 2025-07-26 11:36:52,472] Trial 369 pruned. 
[I 2025-07-26 11:36:54,748] Trial 370 pruned. 
[I 2025-07-26 11:36:57,087] Trial 371 pruned. 
[I 2025-07-26 11:36:59,118] Trial 372 pruned. 
[I 2025-07-26 11:37:02,114] Trial 373 pruned. 
[I 2025-07-26 11:37:13,546] Trial 374 pruned. 
[I 2025-07-26 11:37:15,906] Trial 375 pruned. 
[I 2025-07-26 11:37:18,167] Trial 376 pruned. 
[I 2025-07-26 11:37:20,394] Trial 377 pruned. 
[I 2025-07-26 11:37:22,753] Trial 378 pruned. 
[I 2025-07-26 11:37:24,574] Trial 379 pruned. 
[I 2025-07-26 11:37:26,641] Trial 380 pruned. 
[I 2025-07-26 11:37:28,928] Trial 381 pruned. 
[I 2025-07-26 11:37:32,010] Trial 382 pruned. 
[I 2025-07-26 11:37:34,262] Trial 383 pruned. 
[I 2025-07-26 11:37:36,564] Trial 384 pruned. 
[I 2025-07-26 11:37:42,130] Trial 385 pruned. 
[I 2025-07-26 11:37:44,453] Trial 386 pruned. 
[I 2025-07-26 11:37:46,275] Trial 387 pruned. 
[I 2025-07-26 11:37:48,350] Trial 388 pruned. 
[I 2025-07-26 11:37:50,251] Trial 389 pruned. 
[I 2025-07-26 11:37:52,312] Trial 390 pruned. 
[I 2025-07-26 11:37:54,451] Trial 391 pruned. 
[I 2025-07-26 11:37:56,916] Trial 392 pruned. 
[I 2025-07-26 11:37:59,226] Trial 393 pruned. 
[I 2025-07-26 11:38:01,250] Trial 394 pruned. 
[I 2025-07-26 11:38:03,600] Trial 395 pruned. 
[I 2025-07-26 11:38:05,377] Trial 396 pruned. 
[I 2025-07-26 11:38:07,671] Trial 397 pruned. 
[I 2025-07-26 11:38:09,942] Trial 398 pruned. 
[I 2025-07-26 11:38:12,335] Trial 399 pruned. 
[I 2025-07-26 11:38:14,307] Trial 400 pruned. 
[I 2025-07-26 11:38:17,926] Trial 401 pruned. 
[I 2025-07-26 11:38:20,300] Trial 402 pruned. 
[I 2025-07-26 11:38:22,588] Trial 403 pruned. 
[I 2025-07-26 11:38:28,816] Trial 404 pruned. 
[I 2025-07-26 11:38:31,738] Trial 405 pruned. 
[I 2025-07-26 11:38:33,649] Trial 406 pruned. 
[I 2025-07-26 11:38:35,999] Trial 407 pruned. 
[I 2025-07-26 11:38:38,834] Trial 408 pruned. 
[I 2025-07-26 11:38:40,929] Trial 409 pruned. 
[I 2025-07-26 11:38:43,185] Trial 410 pruned. 
[I 2025-07-26 11:38:45,770] Trial 411 pruned. 
[I 2025-07-26 11:38:57,599] Trial 412 pruned. 
[I 2025-07-26 11:38:59,910] Trial 413 pruned. 
[I 2025-07-26 11:39:02,369] Trial 414 pruned. 
[I 2025-07-26 11:39:04,661] Trial 415 pruned. 
[I 2025-07-26 11:39:06,958] Trial 416 pruned. 
[I 2025-07-26 11:39:08,729] Trial 417 pruned. 
[I 2025-07-26 11:39:11,072] Trial 418 pruned. 
[I 2025-07-26 11:39:12,903] Trial 419 pruned. 
[I 2025-07-26 11:39:14,770] Trial 420 pruned. 
[I 2025-07-26 11:39:16,728] Trial 421 pruned. 
[I 2025-07-26 11:39:19,012] Trial 422 pruned. 
[I 2025-07-26 11:39:21,417] Trial 423 pruned. 
[I 2025-07-26 11:39:23,702] Trial 424 pruned. 
[I 2025-07-26 11:39:25,733] Trial 425 pruned. 
[I 2025-07-26 11:39:27,954] Trial 426 pruned. 
[I 2025-07-26 11:39:30,264] Trial 427 pruned. 
[I 2025-07-26 11:39:32,626] Trial 428 pruned. 
[I 2025-07-26 11:39:34,832] Trial 429 pruned. 
[I 2025-07-26 11:39:36,680] Trial 430 pruned. 
[I 2025-07-26 11:39:38,970] Trial 431 pruned. 
[I 2025-07-26 11:39:41,046] Trial 432 pruned. 
[I 2025-07-26 11:39:43,320] Trial 433 pruned. 
[I 2025-07-26 11:39:45,559] Trial 434 pruned. 
[I 2025-07-26 11:39:47,911] Trial 435 pruned. 
[I 2025-07-26 11:39:49,977] Trial 436 pruned. 
[I 2025-07-26 11:39:52,322] Trial 437 pruned. 
[I 2025-07-26 11:39:54,611] Trial 438 pruned. 
[I 2025-07-26 11:39:56,941] Trial 439 pruned. 
[I 2025-07-26 11:39:59,874] Trial 440 pruned. 
[I 2025-07-26 11:40:01,880] Trial 441 pruned. 
[I 2025-07-26 11:40:13,182] Trial 442 pruned. 
[I 2025-07-26 11:40:25,015] Trial 443 pruned. 
[I 2025-07-26 11:40:27,466] Trial 444 pruned. 
[I 2025-07-26 11:40:29,352] Trial 445 pruned. 
[I 2025-07-26 11:40:31,596] Trial 446 pruned. 
[I 2025-07-26 11:40:33,806] Trial 447 pruned. 
[I 2025-07-26 11:40:35,556] Trial 448 pruned. 
[I 2025-07-26 11:40:37,947] Trial 449 pruned. 
[I 2025-07-26 11:40:40,227] Trial 450 pruned. 
[I 2025-07-26 11:40:42,030] Trial 451 pruned. 
[I 2025-07-26 11:40:44,083] Trial 452 pruned. 
[I 2025-07-26 11:40:47,282] Trial 453 pruned. 
[I 2025-07-26 11:40:49,209] Trial 454 pruned. 
[I 2025-07-26 11:40:52,205] Trial 455 pruned. 
[I 2025-07-26 11:40:54,507] Trial 456 pruned. 
[I 2025-07-26 11:40:56,674] Trial 457 pruned. 
[I 2025-07-26 11:40:58,904] Trial 458 pruned. 
[I 2025-07-26 11:41:00,748] Trial 459 pruned. 
[I 2025-07-26 11:41:02,749] Trial 460 pruned. 
[I 2025-07-26 11:41:05,155] Trial 461 pruned. 
[I 2025-07-26 11:41:07,406] Trial 462 pruned. 
[I 2025-07-26 11:41:09,646] Trial 463 pruned. 
[I 2025-07-26 11:41:11,998] Trial 464 pruned. 
[I 2025-07-26 11:41:14,280] Trial 465 pruned. 
[I 2025-07-26 11:41:16,410] Trial 466 pruned. 
[I 2025-07-26 11:41:18,678] Trial 467 pruned. 
[I 2025-07-26 11:41:20,652] Trial 468 pruned. 
[I 2025-07-26 11:41:22,957] Trial 469 pruned. 
[I 2025-07-26 11:41:25,192] Trial 470 pruned. 
[I 2025-07-26 11:41:27,526] Trial 471 pruned. 
[I 2025-07-26 11:41:29,740] Trial 472 pruned. 
[I 2025-07-26 11:41:31,796] Trial 473 pruned. 
[I 2025-07-26 11:41:33,599] Trial 474 pruned. 
[I 2025-07-26 11:41:35,925] Trial 475 pruned. 
[I 2025-07-26 11:41:38,207] Trial 476 pruned. 
[I 2025-07-26 11:41:40,036] Trial 477 pruned. 
[I 2025-07-26 11:41:42,374] Trial 478 pruned. 
[I 2025-07-26 11:41:44,649] Trial 479 pruned. 
[I 2025-07-26 11:41:46,777] Trial 480 pruned. 
[I 2025-07-26 11:41:48,878] Trial 481 pruned. 
[I 2025-07-26 11:41:51,207] Trial 482 pruned. 
[I 2025-07-26 11:41:53,468] Trial 483 pruned. 
[I 2025-07-26 11:41:56,883] Trial 484 pruned. 
[I 2025-07-26 11:41:59,866] Trial 485 pruned. 
[I 2025-07-26 11:42:02,168] Trial 486 pruned. 
[I 2025-07-26 11:42:04,176] Trial 487 pruned. 
[I 2025-07-26 11:42:05,996] Trial 488 pruned. 
[I 2025-07-26 11:42:07,866] Trial 489 pruned. 
[I 2025-07-26 11:42:10,204] Trial 490 pruned. 
[I 2025-07-26 11:42:12,469] Trial 491 pruned. 
[I 2025-07-26 11:42:14,797] Trial 492 pruned. 
[I 2025-07-26 11:42:16,780] Trial 493 pruned. 
[I 2025-07-26 11:42:19,686] Trial 494 pruned. 
[I 2025-07-26 11:42:21,946] Trial 495 pruned. 
[I 2025-07-26 11:42:25,003] Trial 496 pruned. 
[I 2025-07-26 11:42:53,037] Trial 497 pruned. 
[I 2025-07-26 11:42:55,071] Trial 498 pruned. 
[I 2025-07-26 11:42:57,053] Trial 499 pruned. 
Trial completed in 13.96 s | MAE: 0.9174 | RMSE: 1.1270 | R²: 0.0810
Trial completed in 14.92 s | MAE: 0.9460 | RMSE: 1.1775 | R²: -0.0032
Trial completed in 18.64 s | MAE: 0.9225 | RMSE: 1.1522 | R²: 0.0394
Trial completed in 27.03 s | MAE: 0.8756 | RMSE: 1.0764 | R²: 0.1616
Trial completed in 10.97 s | MAE: 0.8411 | RMSE: 1.0461 | R²: 0.2082
Trial completed in 13.61 s | MAE: 0.7979 | RMSE: 1.0074 | R²: 0.2656
Trial completed in 29.37 s | MAE: 0.8196 | RMSE: 1.0048 | R²: 0.2695
Trial completed in 59.27 s | MAE: 0.7641 | RMSE: 0.9732 | R²: 0.3147
Trial completed in 60.22 s | MAE: 0.7876 | RMSE: 0.9955 | R²: 0.2829
Trial completed in 53.57 s | MAE: 0.7987 | RMSE: 1.0383 | R²: 0.2199
Trial completed in 59.32 s | MAE: 0.8628 | RMSE: 1.0472 | R²: 0.2066
Trial completed in 65.76 s | MAE: 0.8144 | RMSE: 1.0113 | R²: 0.2600
Trial completed in 64.26 s | MAE: 0.7496 | RMSE: 0.9696 | R²: 0.3197
Trial completed in 65.11 s | MAE: 0.8084 | RMSE: 0.9831 | R²: 0.3006
Trial completed in 60.06 s | MAE: 0.7334 | RMSE: 0.9280 | R²: 0.3769
Trial completed in 31.42 s | MAE: 0.7581 | RMSE: 0.9497 | R²: 0.3474
Trial completed in 62.06 s | MAE: 0.8463 | RMSE: 1.0210 | R²: 0.2458
Trial completed in 64.56 s | MAE: 0.7309 | RMSE: 0.9374 | R²: 0.3642
Trial completed in 61.04 s | MAE: 0.7351 | RMSE: 0.9256 | R²: 0.3801
Trial completed in 65.00 s | MAE: 0.7295 | RMSE: 0.9041 | R²: 0.4086
Trial completed in 51.78 s | MAE: 0.7747 | RMSE: 1.0014 | R²: 0.2743
Trial completed in 63.24 s | MAE: 0.7760 | RMSE: 0.9831 | R²: 0.3007
Trial completed in 60.28 s | MAE: 0.7556 | RMSE: 0.9402 | R²: 0.3604
Trial completed in 63.44 s | MAE: 0.7405 | RMSE: 0.9333 | R²: 0.3697
Trial completed in 64.91 s | MAE: 0.7586 | RMSE: 0.9558 | R²: 0.3390
Trial completed in 63.17 s | MAE: 0.7599 | RMSE: 0.9411 | R²: 0.3592
Trial completed in 70.63 s | MAE: 0.7184 | RMSE: 0.9087 | R²: 0.4026

=== Study Summary ===
Total Trials: 500
Pruned Trials: 473
Completed Trials: 27
Optimization Duration: 2686.23 seconds

Best Metrics from Completed Trials:
  Best R² : 0.4086, Hyperparameters: {'lr': 0.0015359055601100022, 'weight_decay': 2.0321659541119068e-06, 'dropout': 0.0, 'num_layers': 3, 'hidden_channels': 192, 'batch_size': 16}
  Best MAE: 0.7184, Hyperparameters: {'lr': 0.001243129637649219, 'weight_decay': 3.854060257865005e-05, 'dropout': 0.1, 'num_layers': 5, 'hidden_channels': 192, 'batch_size': 16}
  Best MSE: 0.8173, Hyperparameters: {'lr': 0.0015359055601100022, 'weight_decay': 2.0321659541119068e-06, 'dropout': 0.0, 'num_layers': 3, 'hidden_channels': 192, 'batch_size': 16}
  Best RMSE (Objective): 0.9041, Hyperparameters: {'lr': 0.0015359055601100022, 'weight_decay': 2.0321659541119068e-06, 'dropout': 0.0, 'num_layers': 3, 'hidden_channels': 192, 'batch_size': 16}

=== Completed Trials Details ===
Trial     R²        MAE       MSE       RMSE      Params
================================================================================
0         0.0810    0.9174    1.2701    1.1270    {'lr': 0.05674476187170648, 'weight_decay': 4.718415036967747e-05, 'dropout': 0.0, 'num_layers': 2, 'hidden_channels': 32, 'batch_size': 64}
1         -0.0032   0.9460    1.3864    1.1775    {'lr': 0.08284253484396334, 'weight_decay': 0.00011471020529324755, 'dropout': 0.6, 'num_layers': 4, 'hidden_channels': 192, 'batch_size': 80}
2         0.0394    0.9225    1.3275    1.1522    {'lr': 1.1957168527678855e-05, 'weight_decay': 0.00034482854630809234, 'dropout': 0.30000000000000004, 'num_layers': 3, 'hidden_channels': 192, 'batch_size': 48}
3         0.1616    0.8756    1.1587    1.0764    {'lr': 0.00021509448023958983, 'weight_decay': 1.812198302129468e-05, 'dropout': 0.4, 'num_layers': 4, 'hidden_channels': 96, 'batch_size': 32}
4         0.2082    0.8411    1.0943    1.0461    {'lr': 0.0031997907498215092, 'weight_decay': 3.4908549770661496e-05, 'dropout': 0.4, 'num_layers': 2, 'hidden_channels': 128, 'batch_size': 112}
5         0.2656    0.7979    1.0149    1.0074    {'lr': 0.005329833967361036, 'weight_decay': 1.235580669314888e-06, 'dropout': 0.1, 'num_layers': 6, 'hidden_channels': 128, 'batch_size': 128}
6         0.2695    0.8196    1.0096    1.0048    {'lr': 0.002463622697810606, 'weight_decay': 0.0001277413393522243, 'dropout': 0.4, 'num_layers': 4, 'hidden_channels': 96, 'batch_size': 32}
7         0.3147    0.7641    0.9471    0.9732    {'lr': 0.0009011099155788627, 'weight_decay': 0.0001845736840987148, 'dropout': 0.1, 'num_layers': 3, 'hidden_channels': 128, 'batch_size': 16}
8         0.2829    0.7876    0.9910    0.9955    {'lr': 0.0012831775030721442, 'weight_decay': 0.0001679087981441318, 'dropout': 0.1, 'num_layers': 2, 'hidden_channels': 128, 'batch_size': 16}
9         0.2199    0.7987    1.0781    1.0383    {'lr': 0.001327079694025652, 'weight_decay': 0.00018691536380128958, 'dropout': 0.1, 'num_layers': 2, 'hidden_channels': 128, 'batch_size': 16}
10        0.2066    0.8628    1.0966    1.0472    {'lr': 0.0019554076774559123, 'weight_decay': 0.00040545097869955414, 'dropout': 0.1, 'num_layers': 2, 'hidden_channels': 128, 'batch_size': 16}
11        0.2600    0.8144    1.0227    1.0113    {'lr': 0.0024686489341070356, 'weight_decay': 0.00015880556659059064, 'dropout': 0.1, 'num_layers': 3, 'hidden_channels': 160, 'batch_size': 16}
12        0.3197    0.7496    0.9401    0.9696    {'lr': 0.0008912083229240161, 'weight_decay': 0.00011123880585277, 'dropout': 0.1, 'num_layers': 3, 'hidden_channels': 160, 'batch_size': 16}
13        0.3006    0.8084    0.9666    0.9831    {'lr': 0.0008526537042679549, 'weight_decay': 0.00010405220311634778, 'dropout': 0.1, 'num_layers': 3, 'hidden_channels': 160, 'batch_size': 16}
14        0.3769    0.7334    0.8611    0.9280    {'lr': 0.00155371301477162, 'weight_decay': 6.41311389843835e-05, 'dropout': 0.1, 'num_layers': 3, 'hidden_channels': 192, 'batch_size': 16}
15        0.3474    0.7581    0.9019    0.9497    {'lr': 0.0026990818578524964, 'weight_decay': 6.077036088334621e-05, 'dropout': 0.0, 'num_layers': 3, 'hidden_channels': 192, 'batch_size': 32}
16        0.2458    0.8463    1.0424    1.0210    {'lr': 0.0010976455746096877, 'weight_decay': 5.706861185060709e-05, 'dropout': 0.1, 'num_layers': 3, 'hidden_channels': 192, 'batch_size': 16}
17        0.3642    0.7309    0.8787    0.9374    {'lr': 0.0020094012774218065, 'weight_decay': 2.2644000677700418e-05, 'dropout': 0.0, 'num_layers': 4, 'hidden_channels': 96, 'batch_size': 16}
18        0.3801    0.7351    0.8568    0.9256    {'lr': 0.001794853420736019, 'weight_decay': 1.3354887417939088e-06, 'dropout': 0.1, 'num_layers': 3, 'hidden_channels': 128, 'batch_size': 16}
19        0.4086    0.7295    0.8173    0.9041    {'lr': 0.0015359055601100022, 'weight_decay': 2.0321659541119068e-06, 'dropout': 0.0, 'num_layers': 3, 'hidden_channels': 192, 'batch_size': 16}
20        0.2743    0.7747    1.0029    1.0014    {'lr': 0.002014325479348957, 'weight_decay': 3.4983065066421e-05, 'dropout': 0.0, 'num_layers': 3, 'hidden_channels': 192, 'batch_size': 16}
21        0.3007    0.7760    0.9664    0.9831    {'lr': 0.0022873188303088885, 'weight_decay': 3.428283786348674e-05, 'dropout': 0.0, 'num_layers': 3, 'hidden_channels': 192, 'batch_size': 16}
22        0.3604    0.7556    0.8839    0.9402    {'lr': 0.0014303373936066512, 'weight_decay': 3.5045367556820735e-05, 'dropout': 0.0, 'num_layers': 3, 'hidden_channels': 192, 'batch_size': 16}
23        0.3697    0.7405    0.8711    0.9333    {'lr': 0.001335312665289234, 'weight_decay': 3.668893300427632e-05, 'dropout': 0.0, 'num_layers': 3, 'hidden_channels': 192, 'batch_size': 16}
24        0.3390    0.7586    0.9135    0.9558    {'lr': 0.0015989860918266465, 'weight_decay': 5.1716266351763545e-05, 'dropout': 0.0, 'num_layers': 3, 'hidden_channels': 192, 'batch_size': 16}
25        0.3592    0.7599    0.8856    0.9411    {'lr': 0.0010697265281739317, 'weight_decay': 5.245988490737428e-05, 'dropout': 0.0, 'num_layers': 3, 'hidden_channels': 192, 'batch_size': 16}
26        0.4026    0.7184    0.8257    0.9087    {'lr': 0.001243129637649219, 'weight_decay': 3.854060257865005e-05, 'dropout': 0.1, 'num_layers': 5, 'hidden_channels': 192, 'batch_size': 16}
