[I 2024-12-20 09:58:27,436] A new study created in RDB with name: hyperparameter-tune-gcn
[I 2024-12-20 09:58:51,939] Trial 0 finished with value: 1.1478956851784088 and parameters: {'lr': 0.003972204115065408, 'weight_decay': 0.0001344577719678854, 'dropout': 0.4, 'num_layers': 4, 'hidden_channels': 64, 'batch_size': 32}. Best is trial 0 with value: 1.1478956851784088.
[I 2024-12-20 09:59:02,254] Trial 1 finished with value: 1.055119913255921 and parameters: {'lr': 0.00035063284062608266, 'weight_decay': 4.84803505994005e-05, 'dropout': 0.30000000000000004, 'num_layers': 3, 'hidden_channels': 128, 'batch_size': 128}. Best is trial 1 with value: 1.055119913255921.
[I 2024-12-20 09:59:22,139] Trial 2 finished with value: 1.0022426729683778 and parameters: {'lr': 0.00012945808265745192, 'weight_decay': 2.608358252365785e-05, 'dropout': 0.1, 'num_layers': 5, 'hidden_channels': 128, 'batch_size': 48}. Best is trial 2 with value: 1.0022426729683778.
[I 2024-12-20 09:59:40,956] Trial 3 finished with value: 1.1284451714558377 and parameters: {'lr': 2.367715735413998e-05, 'weight_decay': 2.0836146104385435e-05, 'dropout': 0.1, 'num_layers': 3, 'hidden_channels': 128, 'batch_size': 48}. Best is trial 2 with value: 1.0022426729683778.
[I 2024-12-20 09:59:54,484] Trial 4 finished with value: 0.9791297127804954 and parameters: {'lr': 0.0003261917540265507, 'weight_decay': 6.312558186211851e-05, 'dropout': 0.0, 'num_layers': 4, 'hidden_channels': 192, 'batch_size': 96}. Best is trial 4 with value: 0.9791297127804954.
[I 2024-12-20 09:59:55,892] Trial 5 pruned. 
[I 2024-12-20 09:59:58,068] Trial 6 pruned. 
[I 2024-12-20 10:00:04,386] Trial 7 pruned. 
[I 2024-12-20 10:00:05,842] Trial 8 pruned. 
[I 2024-12-20 10:00:07,783] Trial 9 pruned. 
[I 2024-12-20 10:00:09,268] Trial 10 pruned. 
[I 2024-12-20 10:00:11,263] Trial 11 pruned. 
[I 2024-12-20 10:00:12,771] Trial 12 pruned. 
[I 2024-12-20 10:00:14,293] Trial 13 pruned. 
[I 2024-12-20 10:00:15,833] Trial 14 pruned. 
[I 2024-12-20 10:01:14,561] Trial 15 finished with value: 0.8985746527764937 and parameters: {'lr': 0.0007172920665027804, 'weight_decay': 0.00027794453847702596, 'dropout': 0.2, 'num_layers': 5, 'hidden_channels': 128, 'batch_size': 16}. Best is trial 15 with value: 0.8985746527764937.
[I 2024-12-20 10:01:16,601] Trial 16 pruned. 
[I 2024-12-20 10:01:18,071] Trial 17 pruned. 
[I 2024-12-20 10:01:19,598] Trial 18 pruned. 
[I 2024-12-20 10:01:21,568] Trial 19 pruned. 
[I 2024-12-20 10:01:23,026] Trial 20 pruned. 
[I 2024-12-20 10:01:24,803] Trial 21 pruned. 
[I 2024-12-20 10:01:27,273] Trial 22 pruned. 
[I 2024-12-20 10:01:29,294] Trial 23 pruned. 
[I 2024-12-20 10:01:47,128] Trial 24 finished with value: 0.8579866812657057 and parameters: {'lr': 0.0019876837444179917, 'weight_decay': 0.00023296810446293847, 'dropout': 0.2, 'num_layers': 4, 'hidden_channels': 128, 'batch_size': 64}. Best is trial 24 with value: 0.8579866812657057.
[I 2024-12-20 10:01:48,684] Trial 25 pruned. 
[I 2024-12-20 10:01:50,222] Trial 26 pruned. 
[I 2024-12-20 10:01:51,689] Trial 27 pruned. 
[I 2024-12-20 10:01:58,308] Trial 28 pruned. 
[I 2024-12-20 10:02:00,018] Trial 29 pruned. 
[I 2024-12-20 10:02:01,609] Trial 30 pruned. 
[I 2024-12-20 10:02:03,178] Trial 31 pruned. 
[I 2024-12-20 10:02:04,743] Trial 32 pruned. 
[I 2024-12-20 10:02:06,452] Trial 33 pruned. 
[I 2024-12-20 10:02:08,366] Trial 34 pruned. 
[I 2024-12-20 10:02:09,936] Trial 35 pruned. 
[I 2024-12-20 10:02:11,485] Trial 36 pruned. 
[I 2024-12-20 10:02:13,026] Trial 37 pruned. 
[I 2024-12-20 10:02:14,714] Trial 38 pruned. 
[I 2024-12-20 10:02:16,182] Trial 39 pruned. 
[I 2024-12-20 10:02:17,749] Trial 40 pruned. 
[I 2024-12-20 10:02:19,171] Trial 41 pruned. 
[I 2024-12-20 10:02:20,643] Trial 42 pruned. 
[I 2024-12-20 10:02:22,083] Trial 43 pruned. 
[I 2024-12-20 10:02:25,626] Trial 44 pruned. 
[I 2024-12-20 10:02:27,151] Trial 45 pruned. 
[I 2024-12-20 10:02:29,068] Trial 46 pruned. 
[I 2024-12-20 10:02:30,575] Trial 47 pruned. 
[I 2024-12-20 10:02:32,029] Trial 48 pruned. 
[I 2024-12-20 10:02:33,538] Trial 49 pruned. 
[I 2024-12-20 10:03:23,809] Trial 50 finished with value: 1.0140951518722399 and parameters: {'lr': 0.0012084149533412372, 'weight_decay': 0.00033349376641439666, 'dropout': 0.4, 'num_layers': 2, 'hidden_channels': 192, 'batch_size': 16}. Best is trial 24 with value: 0.8579866812657057.
[I 2024-12-20 10:04:10,691] Trial 51 finished with value: 0.9783216881966053 and parameters: {'lr': 0.001096152869748587, 'weight_decay': 0.00048170896164139213, 'dropout': 0.4, 'num_layers': 2, 'hidden_channels': 192, 'batch_size': 16}. Best is trial 24 with value: 0.8579866812657057.
[I 2024-12-20 10:04:12,301] Trial 52 pruned. 
[I 2024-12-20 10:04:14,127] Trial 53 pruned. 
[I 2024-12-20 10:05:01,617] Trial 54 finished with value: 0.8956507378425171 and parameters: {'lr': 0.0005173390842464366, 'weight_decay': 0.00019883788060342625, 'dropout': 0.4, 'num_layers': 2, 'hidden_channels': 192, 'batch_size': 16}. Best is trial 24 with value: 0.8579866812657057.
[I 2024-12-20 10:05:03,220] Trial 55 pruned. 
[I 2024-12-20 10:05:44,621] Trial 56 finished with value: 0.9706173097068784 and parameters: {'lr': 0.00036482310613926677, 'weight_decay': 0.0007177580763298157, 'dropout': 0.30000000000000004, 'num_layers': 2, 'hidden_channels': 192, 'batch_size': 16}. Best is trial 24 with value: 0.8579866812657057.
[I 2024-12-20 10:05:46,249] Trial 57 pruned. 
[I 2024-12-20 10:06:31,090] Trial 58 finished with value: 0.8944895705462129 and parameters: {'lr': 0.0003435580984429502, 'weight_decay': 0.0004447684251473595, 'dropout': 0.30000000000000004, 'num_layers': 2, 'hidden_channels': 192, 'batch_size': 16}. Best is trial 24 with value: 0.8579866812657057.
[I 2024-12-20 10:07:13,367] Trial 59 finished with value: 0.978565694475926 and parameters: {'lr': 0.0003147568564792749, 'weight_decay': 0.00046740912008689866, 'dropout': 0.30000000000000004, 'num_layers': 2, 'hidden_channels': 192, 'batch_size': 16}. Best is trial 24 with value: 0.8579866812657057.
[I 2024-12-20 10:07:15,008] Trial 60 pruned. 
[I 2024-12-20 10:07:16,766] Trial 61 pruned. 
[I 2024-12-20 10:07:18,613] Trial 62 pruned. 
[I 2024-12-20 10:07:20,378] Trial 63 pruned. 
[I 2024-12-20 10:07:30,907] Trial 64 pruned. 
[I 2024-12-20 10:07:37,198] Trial 65 pruned. 
[I 2024-12-20 10:07:38,752] Trial 66 pruned. 
[I 2024-12-20 10:07:42,433] Trial 67 pruned. 
[I 2024-12-20 10:07:44,260] Trial 68 pruned. 
[I 2024-12-20 10:07:45,900] Trial 69 pruned. 
[I 2024-12-20 10:08:31,543] Trial 70 finished with value: 0.9224164310326015 and parameters: {'lr': 0.0004745147244468799, 'weight_decay': 0.00017743763157195645, 'dropout': 0.2, 'num_layers': 2, 'hidden_channels': 160, 'batch_size': 16}. Best is trial 24 with value: 0.8579866812657057.
[I 2024-12-20 10:08:33,353] Trial 71 pruned. 
[I 2024-12-20 10:09:15,938] Trial 72 finished with value: 0.9077891400954373 and parameters: {'lr': 0.00034162037790697275, 'weight_decay': 0.0001682216347519185, 'dropout': 0.2, 'num_layers': 2, 'hidden_channels': 192, 'batch_size': 16}. Best is trial 24 with value: 0.8579866812657057.
[I 2024-12-20 10:09:25,212] Trial 73 pruned. 
[I 2024-12-20 10:09:26,873] Trial 74 pruned. 
[I 2024-12-20 10:09:41,941] Trial 75 pruned. 
[I 2024-12-20 10:09:43,573] Trial 76 pruned. 
[I 2024-12-20 10:09:45,368] Trial 77 pruned. 
[I 2024-12-20 10:09:47,211] Trial 78 pruned. 
[I 2024-12-20 10:09:48,751] Trial 79 pruned. 
[I 2024-12-20 10:10:03,049] Trial 80 pruned. 
[I 2024-12-20 10:10:04,870] Trial 81 pruned. 
[I 2024-12-20 10:10:07,573] Trial 82 pruned. 
[I 2024-12-20 10:10:09,415] Trial 83 pruned. 
[I 2024-12-20 10:10:10,969] Trial 84 pruned. 
[I 2024-12-20 10:10:26,085] Trial 85 pruned. 
[I 2024-12-20 10:11:12,060] Trial 86 finished with value: 0.8686690519204502 and parameters: {'lr': 0.0010268912259883752, 'weight_decay': 0.0001640697325302655, 'dropout': 0.2, 'num_layers': 2, 'hidden_channels': 192, 'batch_size': 16}. Best is trial 24 with value: 0.8579866812657057.
[I 2024-12-20 10:11:14,000] Trial 87 pruned. 
[I 2024-12-20 10:11:15,485] Trial 88 pruned. 
[I 2024-12-20 10:11:19,091] Trial 89 pruned. 
[I 2024-12-20 10:11:20,756] Trial 90 pruned. 
[I 2024-12-20 10:12:04,268] Trial 91 finished with value: 0.9171360215877529 and parameters: {'lr': 0.00034983105241543695, 'weight_decay': 0.0002802081186438255, 'dropout': 0.30000000000000004, 'num_layers': 2, 'hidden_channels': 192, 'batch_size': 16}. Best is trial 24 with value: 0.8579866812657057.
[I 2024-12-20 10:12:06,130] Trial 92 pruned. 
[I 2024-12-20 10:12:17,136] Trial 93 pruned. 
[I 2024-12-20 10:12:18,992] Trial 94 pruned. 
[I 2024-12-20 10:12:20,780] Trial 95 pruned. 
[I 2024-12-20 10:13:07,670] Trial 96 finished with value: 0.9530700292525649 and parameters: {'lr': 0.00044072439981839, 'weight_decay': 0.00015090965972159193, 'dropout': 0.30000000000000004, 'num_layers': 3, 'hidden_channels': 192, 'batch_size': 16}. Best is trial 24 with value: 0.8579866812657057.
[I 2024-12-20 10:13:09,400] Trial 97 pruned. 
[I 2024-12-20 10:13:10,907] Trial 98 pruned. 
[I 2024-12-20 10:13:12,715] Trial 99 pruned. 
[I 2024-12-20 10:13:14,613] Trial 100 pruned. 
[I 2024-12-20 10:13:16,324] Trial 101 pruned. 
[I 2024-12-20 10:13:17,949] Trial 102 pruned. 
[I 2024-12-20 10:13:26,504] Trial 103 pruned. 
[I 2024-12-20 10:13:28,131] Trial 104 pruned. 
[I 2024-12-20 10:13:29,809] Trial 105 pruned. 
[I 2024-12-20 10:13:31,455] Trial 106 pruned. 
[I 2024-12-20 10:14:13,395] Trial 107 finished with value: 0.8302461341921831 and parameters: {'lr': 0.0012624615109463368, 'weight_decay': 8.702550619626537e-05, 'dropout': 0.2, 'num_layers': 2, 'hidden_channels': 192, 'batch_size': 16}. Best is trial 107 with value: 0.8302461341921831.
[I 2024-12-20 10:14:15,204] Trial 108 pruned. 
[I 2024-12-20 10:14:16,726] Trial 109 pruned. 
[I 2024-12-20 10:14:18,589] Trial 110 pruned. 
[I 2024-12-20 10:15:03,419] Trial 111 finished with value: 0.8946999136822694 and parameters: {'lr': 0.0010865077863184533, 'weight_decay': 0.00014423077818849037, 'dropout': 0.2, 'num_layers': 2, 'hidden_channels': 192, 'batch_size': 16}. Best is trial 107 with value: 0.8302461341921831.
[I 2024-12-20 10:15:12,266] Trial 112 pruned. 
[I 2024-12-20 10:15:14,070] Trial 113 pruned. 
[I 2024-12-20 10:15:15,707] Trial 114 pruned. 
[I 2024-12-20 10:15:17,424] Trial 115 pruned. 
[I 2024-12-20 10:15:19,029] Trial 116 pruned. 
[I 2024-12-20 10:15:20,622] Trial 117 pruned. 
[I 2024-12-20 10:15:22,153] Trial 118 pruned. 
[I 2024-12-20 10:15:23,937] Trial 119 pruned. 
[I 2024-12-20 10:15:33,458] Trial 120 pruned. 
[I 2024-12-20 10:15:36,143] Trial 121 pruned. 
[I 2024-12-20 10:15:37,837] Trial 122 pruned. 
[I 2024-12-20 10:15:39,442] Trial 123 pruned. 
[I 2024-12-20 10:15:40,892] Trial 124 pruned. 
[I 2024-12-20 10:15:42,781] Trial 125 pruned. 
[I 2024-12-20 10:15:44,758] Trial 126 pruned. 
[I 2024-12-20 10:15:46,638] Trial 127 pruned. 
[I 2024-12-20 10:15:48,224] Trial 128 pruned. 
[I 2024-12-20 10:15:50,128] Trial 129 pruned. 
[I 2024-12-20 10:15:52,025] Trial 130 pruned. 
[I 2024-12-20 10:16:05,665] Trial 131 pruned. 
[I 2024-12-20 10:16:07,431] Trial 132 pruned. 
[I 2024-12-20 10:16:15,142] Trial 133 pruned. 
[I 2024-12-20 10:16:42,434] Trial 134 pruned. 
[I 2024-12-20 10:16:50,437] Trial 135 pruned. 
[I 2024-12-20 10:16:59,759] Trial 136 pruned. 
[I 2024-12-20 10:17:01,215] Trial 137 pruned. 
[I 2024-12-20 10:17:08,057] Trial 138 pruned. 
[I 2024-12-20 10:17:10,015] Trial 139 pruned. 
[I 2024-12-20 10:17:11,768] Trial 140 pruned. 
[I 2024-12-20 10:17:13,202] Trial 141 pruned. 
[I 2024-12-20 10:17:14,650] Trial 142 pruned. 
[I 2024-12-20 10:17:16,163] Trial 143 pruned. 
[I 2024-12-20 10:17:17,992] Trial 144 pruned. 
[I 2024-12-20 10:17:19,801] Trial 145 pruned. 
[I 2024-12-20 10:17:25,125] Trial 146 pruned. 
[I 2024-12-20 10:17:26,617] Trial 147 pruned. 
[I 2024-12-20 10:17:28,035] Trial 148 pruned. 
[I 2024-12-20 10:17:29,718] Trial 149 pruned. 
[I 2024-12-20 10:17:31,468] Trial 150 pruned. 
[I 2024-12-20 10:17:33,034] Trial 151 pruned. 
[I 2024-12-20 10:17:34,624] Trial 152 pruned. 
[I 2024-12-20 10:17:36,104] Trial 153 pruned. 
[I 2024-12-20 10:17:37,660] Trial 154 pruned. 
[I 2024-12-20 10:17:39,545] Trial 155 pruned. 
[I 2024-12-20 10:17:41,249] Trial 156 pruned. 
[I 2024-12-20 10:17:42,976] Trial 157 pruned. 
[I 2024-12-20 10:17:44,477] Trial 158 pruned. 
[I 2024-12-20 10:17:46,170] Trial 159 pruned. 
[I 2024-12-20 10:17:47,914] Trial 160 pruned. 
[I 2024-12-20 10:17:49,671] Trial 161 pruned. 
[I 2024-12-20 10:17:51,432] Trial 162 pruned. 
[I 2024-12-20 10:17:53,190] Trial 163 pruned. 
[I 2024-12-20 10:17:54,924] Trial 164 pruned. 
[I 2024-12-20 10:17:56,646] Trial 165 pruned. 
[I 2024-12-20 10:17:58,347] Trial 166 pruned. 
[I 2024-12-20 10:17:59,972] Trial 167 pruned. 
[I 2024-12-20 10:18:01,459] Trial 168 pruned. 
[I 2024-12-20 10:18:10,054] Trial 169 pruned. 
[I 2024-12-20 10:18:11,880] Trial 170 pruned. 
[I 2024-12-20 10:18:13,410] Trial 171 pruned. 
[I 2024-12-20 10:18:14,839] Trial 172 pruned. 
[I 2024-12-20 10:18:16,261] Trial 173 pruned. 
[I 2024-12-20 10:18:17,954] Trial 174 pruned. 
[I 2024-12-20 10:18:19,394] Trial 175 pruned. 
[I 2024-12-20 10:18:22,093] Trial 176 pruned. 
[I 2024-12-20 10:18:23,550] Trial 177 pruned. 
[I 2024-12-20 10:18:25,498] Trial 178 pruned. 
[I 2024-12-20 10:18:27,280] Trial 179 pruned. 
[I 2024-12-20 10:18:29,071] Trial 180 pruned. 
[I 2024-12-20 10:18:30,680] Trial 181 pruned. 
[I 2024-12-20 10:18:32,178] Trial 182 pruned. 
[I 2024-12-20 10:18:34,267] Trial 183 pruned. 
[I 2024-12-20 10:18:35,735] Trial 184 pruned. 
[I 2024-12-20 10:18:37,478] Trial 185 pruned. 
[I 2024-12-20 10:18:38,994] Trial 186 pruned. 
[I 2024-12-20 10:18:40,749] Trial 187 pruned. 
[I 2024-12-20 10:18:42,714] Trial 188 pruned. 
[I 2024-12-20 10:18:44,481] Trial 189 pruned. 
[I 2024-12-20 10:18:46,276] Trial 190 pruned. 
[I 2024-12-20 10:18:47,812] Trial 191 pruned. 
[I 2024-12-20 10:18:49,375] Trial 192 pruned. 
[I 2024-12-20 10:18:50,983] Trial 193 pruned. 
[I 2024-12-20 10:18:52,506] Trial 194 pruned. 
[I 2024-12-20 10:18:54,375] Trial 195 pruned. 
[I 2024-12-20 10:18:56,034] Trial 196 pruned. 
[I 2024-12-20 10:18:57,769] Trial 197 pruned. 
[I 2024-12-20 10:18:59,456] Trial 198 pruned. 
[I 2024-12-20 10:19:01,073] Trial 199 pruned. 
[I 2024-12-20 10:19:09,506] Trial 200 pruned. 
[I 2024-12-20 10:19:11,261] Trial 201 pruned. 
[I 2024-12-20 10:19:13,086] Trial 202 pruned. 
[I 2024-12-20 10:19:47,726] Trial 203 finished with value: 0.8896469970423472 and parameters: {'lr': 0.00033950053931060617, 'weight_decay': 0.00033086534413834283, 'dropout': 0.30000000000000004, 'num_layers': 2, 'hidden_channels': 192, 'batch_size': 16}. Best is trial 107 with value: 0.8302461341921831.
[I 2024-12-20 10:19:49,413] Trial 204 pruned. 
[I 2024-12-20 10:19:51,047] Trial 205 pruned. 
[I 2024-12-20 10:19:52,697] Trial 206 pruned. 
[I 2024-12-20 10:19:54,982] Trial 207 pruned. 
[I 2024-12-20 10:19:56,809] Trial 208 pruned. 
[I 2024-12-20 10:19:58,378] Trial 209 pruned. 
[I 2024-12-20 10:20:01,075] Trial 210 pruned. 
[I 2024-12-20 10:20:02,845] Trial 211 pruned. 
[I 2024-12-20 10:20:04,663] Trial 212 pruned. 
[I 2024-12-20 10:20:12,460] Trial 213 pruned. 
[I 2024-12-20 10:20:14,194] Trial 214 pruned. 
[I 2024-12-20 10:20:15,652] Trial 215 pruned. 
[I 2024-12-20 10:20:17,458] Trial 216 pruned. 
[I 2024-12-20 10:20:19,086] Trial 217 pruned. 
[I 2024-12-20 10:21:01,345] Trial 218 finished with value: 0.8909341376009365 and parameters: {'lr': 0.0009766946580618326, 'weight_decay': 0.00016713669656320837, 'dropout': 0.2, 'num_layers': 2, 'hidden_channels': 128, 'batch_size': 16}. Best is trial 107 with value: 0.8302461341921831.
[I 2024-12-20 10:21:02,958] Trial 219 pruned. 
[I 2024-12-20 10:21:04,590] Trial 220 pruned. 
[I 2024-12-20 10:21:06,328] Trial 221 pruned. 
[I 2024-12-20 10:21:08,034] Trial 222 pruned. 
[I 2024-12-20 10:21:20,155] Trial 223 pruned. 
[I 2024-12-20 10:21:21,941] Trial 224 pruned. 
[I 2024-12-20 10:21:23,697] Trial 225 pruned. 
[I 2024-12-20 10:21:25,232] Trial 226 pruned. 
[I 2024-12-20 10:21:26,971] Trial 227 pruned. 
[I 2024-12-20 10:21:28,457] Trial 228 pruned. 
[I 2024-12-20 10:21:30,215] Trial 229 pruned. 
[I 2024-12-20 10:22:14,909] Trial 230 finished with value: 0.9113205433189635 and parameters: {'lr': 0.0009360417946655272, 'weight_decay': 0.00020344833715152266, 'dropout': 0.4, 'num_layers': 2, 'hidden_channels': 192, 'batch_size': 16}. Best is trial 107 with value: 0.8302461341921831.
[I 2024-12-20 10:22:17,673] Trial 231 pruned. 
[I 2024-12-20 10:22:20,421] Trial 232 pruned. 
[I 2024-12-20 10:22:22,287] Trial 233 pruned. 
[I 2024-12-20 10:22:24,112] Trial 234 pruned. 
[I 2024-12-20 10:22:26,078] Trial 235 pruned. 
[I 2024-12-20 10:22:27,541] Trial 236 pruned. 
[I 2024-12-20 10:22:30,356] Trial 237 pruned. 
[I 2024-12-20 10:22:33,122] Trial 238 pruned. 
[I 2024-12-20 10:23:11,923] Trial 239 finished with value: 0.913052808191184 and parameters: {'lr': 0.0004475956965193637, 'weight_decay': 0.0002153993542827124, 'dropout': 0.0, 'num_layers': 2, 'hidden_channels': 192, 'batch_size': 16}. Best is trial 107 with value: 0.8302461341921831.
[I 2024-12-20 10:23:13,488] Trial 240 pruned. 
[I 2024-12-20 10:23:14,901] Trial 241 pruned. 
[I 2024-12-20 10:23:16,759] Trial 242 pruned. 
[I 2024-12-20 10:23:18,390] Trial 243 pruned. 
[I 2024-12-20 10:23:20,214] Trial 244 pruned. 
[I 2024-12-20 10:23:21,712] Trial 245 pruned. 
[I 2024-12-20 10:23:23,325] Trial 246 pruned. 
[I 2024-12-20 10:23:25,016] Trial 247 pruned. 
[I 2024-12-20 10:23:26,634] Trial 248 pruned. 
[I 2024-12-20 10:23:29,189] Trial 249 pruned. 
[I 2024-12-20 10:23:30,800] Trial 250 pruned. 
[I 2024-12-20 10:23:32,559] Trial 251 pruned. 
[I 2024-12-20 10:23:35,000] Trial 252 pruned. 
[I 2024-12-20 10:23:36,769] Trial 253 pruned. 
[I 2024-12-20 10:23:39,143] Trial 254 pruned. 
[I 2024-12-20 10:23:40,761] Trial 255 pruned. 
[I 2024-12-20 10:23:42,458] Trial 256 pruned. 
[I 2024-12-20 10:23:43,897] Trial 257 pruned. 
[I 2024-12-20 10:23:45,373] Trial 258 pruned. 
[I 2024-12-20 10:23:47,199] Trial 259 pruned. 
[I 2024-12-20 10:23:48,844] Trial 260 pruned. 
[I 2024-12-20 10:23:50,534] Trial 261 pruned. 
[I 2024-12-20 10:23:51,959] Trial 262 pruned. 
[I 2024-12-20 10:23:53,577] Trial 263 pruned. 
[I 2024-12-20 10:23:55,261] Trial 264 pruned. 
[I 2024-12-20 10:23:56,773] Trial 265 pruned. 
[I 2024-12-20 10:23:58,471] Trial 266 pruned. 
[I 2024-12-20 10:23:59,980] Trial 267 pruned. 
[I 2024-12-20 10:24:01,741] Trial 268 pruned. 
[I 2024-12-20 10:24:04,047] Trial 269 pruned. 
[I 2024-12-20 10:24:05,467] Trial 270 pruned. 
[I 2024-12-20 10:24:07,165] Trial 271 pruned. 
[I 2024-12-20 10:24:08,787] Trial 272 pruned. 
[I 2024-12-20 10:24:10,412] Trial 273 pruned. 
[I 2024-12-20 10:24:12,043] Trial 274 pruned. 
[I 2024-12-20 10:24:13,860] Trial 275 pruned. 
[I 2024-12-20 10:24:15,341] Trial 276 pruned. 
[I 2024-12-20 10:24:16,955] Trial 277 pruned. 
[I 2024-12-20 10:24:18,756] Trial 278 pruned. 
[I 2024-12-20 10:24:20,373] Trial 279 pruned. 
[I 2024-12-20 10:25:00,785] Trial 280 finished with value: 0.8658556290094342 and parameters: {'lr': 0.0011747059814108994, 'weight_decay': 4.3674890386155494e-05, 'dropout': 0.2, 'num_layers': 2, 'hidden_channels': 192, 'batch_size': 16}. Best is trial 107 with value: 0.8302461341921831.
[I 2024-12-20 10:25:02,280] Trial 281 pruned. 
[I 2024-12-20 10:25:03,899] Trial 282 pruned. 
[I 2024-12-20 10:25:05,770] Trial 283 pruned. 
[I 2024-12-20 10:25:07,694] Trial 284 pruned. 
[I 2024-12-20 10:25:09,333] Trial 285 pruned. 
[I 2024-12-20 10:25:10,961] Trial 286 pruned. 
[I 2024-12-20 10:25:12,583] Trial 287 pruned. 
[I 2024-12-20 10:25:14,440] Trial 288 pruned. 
[I 2024-12-20 10:25:16,209] Trial 289 pruned. 
[I 2024-12-20 10:25:18,571] Trial 290 pruned. 
[I 2024-12-20 10:25:20,326] Trial 291 pruned. 
[I 2024-12-20 10:25:21,841] Trial 292 pruned. 
[I 2024-12-20 10:25:23,388] Trial 293 pruned. 
[I 2024-12-20 10:25:25,016] Trial 294 pruned. 
[I 2024-12-20 10:25:26,755] Trial 295 pruned. 
[I 2024-12-20 10:25:28,220] Trial 296 pruned. 
[I 2024-12-20 10:25:30,054] Trial 297 pruned. 
[I 2024-12-20 10:25:31,524] Trial 298 pruned. 
[I 2024-12-20 10:25:33,969] Trial 299 pruned. 
[I 2024-12-20 10:25:36,703] Trial 300 pruned. 
[I 2024-12-20 10:25:39,293] Trial 301 pruned. 
[I 2024-12-20 10:25:40,870] Trial 302 pruned. 
[I 2024-12-20 10:25:43,214] Trial 303 pruned. 
[I 2024-12-20 10:25:45,984] Trial 304 pruned. 
[I 2024-12-20 10:25:47,604] Trial 305 pruned. 
[I 2024-12-20 10:26:25,319] Trial 306 finished with value: 0.8940058335363554 and parameters: {'lr': 0.0006147820724277956, 'weight_decay': 0.0001576751810841193, 'dropout': 0.2, 'num_layers': 2, 'hidden_channels': 192, 'batch_size': 16}. Best is trial 107 with value: 0.8302461341921831.
[I 2024-12-20 10:27:01,977] Trial 307 finished with value: 0.8288617725286223 and parameters: {'lr': 0.0006355704275703415, 'weight_decay': 2.8117303134378725e-05, 'dropout': 0.2, 'num_layers': 2, 'hidden_channels': 192, 'batch_size': 16}. Best is trial 307 with value: 0.8288617725286223.
[I 2024-12-20 10:27:40,912] Trial 308 finished with value: 0.8362429408415537 and parameters: {'lr': 0.0006584359216066457, 'weight_decay': 2.978704165157228e-05, 'dropout': 0.2, 'num_layers': 2, 'hidden_channels': 192, 'batch_size': 16}. Best is trial 307 with value: 0.8288617725286223.
[I 2024-12-20 10:27:48,472] Trial 309 pruned. 
[I 2024-12-20 10:27:50,718] Trial 310 pruned. 
[I 2024-12-20 10:27:56,511] Trial 311 pruned. 
[I 2024-12-20 10:27:58,275] Trial 312 pruned. 
[I 2024-12-20 10:28:00,110] Trial 313 pruned. 
[I 2024-12-20 10:28:02,759] Trial 314 pruned. 
[I 2024-12-20 10:28:04,616] Trial 315 pruned. 
[I 2024-12-20 10:28:06,393] Trial 316 pruned. 
