[I 2024-12-20 10:51:11,853] Trial 499 pruned. 
Trial completed in 24.48 seconds
Trial MAE: 0.9374, MSE: 1.3177, RMSE: 1.1479, R²: 0.0466
Trial completed in 10.30 seconds
Trial MAE: 0.8676, MSE: 1.1133, RMSE: 1.0551, R²: 0.1945
Trial completed in 19.87 seconds
Trial MAE: 0.8245, MSE: 1.0045, RMSE: 1.0022, R²: 0.2732
Trial completed in 18.80 seconds
Trial MAE: 0.9118, MSE: 1.2734, RMSE: 1.1284, R²: 0.0786
Trial completed in 13.50 seconds
Trial MAE: 0.7829, MSE: 0.9587, RMSE: 0.9791, R²: 0.3063
Trial completed in 58.71 seconds
Trial MAE: 0.7243, MSE: 0.8074, RMSE: 0.8986, R²: 0.4158
Trial completed in 17.81 seconds
Trial MAE: 0.6593, MSE: 0.7361, RMSE: 0.8580, R²: 0.4673
Trial completed in 50.25 seconds
Trial MAE: 0.7753, MSE: 1.0284, RMSE: 1.0141, R²: 0.2559
Trial completed in 46.86 seconds
Trial MAE: 0.7878, MSE: 0.9571, RMSE: 0.9783, R²: 0.3075
Trial completed in 47.47 seconds
Trial MAE: 0.7198, MSE: 0.8022, RMSE: 0.8957, R²: 0.4196
Trial completed in 41.38 seconds
Trial MAE: 0.7511, MSE: 0.9421, RMSE: 0.9706, R²: 0.3183
Trial completed in 44.82 seconds
Trial MAE: 0.7004, MSE: 0.8001, RMSE: 0.8945, R²: 0.4211
Trial completed in 42.26 seconds
Trial MAE: 0.7451, MSE: 0.9576, RMSE: 0.9786, R²: 0.3071
Trial completed in 45.62 seconds
Trial MAE: 0.7282, MSE: 0.8509, RMSE: 0.9224, R²: 0.3843
Trial completed in 42.56 seconds
Trial MAE: 0.6971, MSE: 0.8241, RMSE: 0.9078, R²: 0.4037
Trial completed in 45.95 seconds
Trial MAE: 0.6740, MSE: 0.7546, RMSE: 0.8687, R²: 0.4540
Trial completed in 43.48 seconds
Trial MAE: 0.7024, MSE: 0.8411, RMSE: 0.9171, R²: 0.3914
Trial completed in 46.86 seconds
Trial MAE: 0.7482, MSE: 0.9083, RMSE: 0.9531, R²: 0.3427
Trial completed in 41.92 seconds
Trial MAE: 0.6455, MSE: 0.6893, RMSE: 0.8302, R²: 0.5012
Trial completed in 44.81 seconds
Trial MAE: 0.6949, MSE: 0.8005, RMSE: 0.8947, R²: 0.4208
Trial completed in 34.62 seconds
Trial MAE: 0.7026, MSE: 0.7915, RMSE: 0.8896, R²: 0.4273
Trial completed in 42.24 seconds
Trial MAE: 0.6894, MSE: 0.7938, RMSE: 0.8909, R²: 0.4257
Trial completed in 44.66 seconds
Trial MAE: 0.7039, MSE: 0.8305, RMSE: 0.9113, R²: 0.3991
Trial completed in 38.77 seconds
Trial MAE: 0.7235, MSE: 0.8337, RMSE: 0.9131, R²: 0.3968
Trial completed in 40.39 seconds
Trial MAE: 0.6637, MSE: 0.7497, RMSE: 0.8659, R²: 0.4575
Trial completed in 37.70 seconds
Trial MAE: 0.7059, MSE: 0.7992, RMSE: 0.8940, R²: 0.4217
Trial completed in 36.63 seconds
Trial MAE: 0.6508, MSE: 0.6870, RMSE: 0.8289, R²: 0.5029
Trial completed in 38.91 seconds
Trial MAE: 0.6409, MSE: 0.6993, RMSE: 0.8362, R²: 0.4940
Trial completed in 44.33 seconds
Trial MAE: 0.6410, MSE: 0.6751, RMSE: 0.8216, R²: 0.5115
Trial completed in 42.28 seconds
Trial MAE: 0.6689, MSE: 0.7457, RMSE: 0.8635, R²: 0.4604
Trial completed in 44.57 seconds
Trial MAE: 0.6622, MSE: 0.7169, RMSE: 0.8467, R²: 0.4813
Trial completed in 45.07 seconds
Trial MAE: 0.7055, MSE: 0.7818, RMSE: 0.8842, R²: 0.4343
Trial completed in 40.22 seconds
Trial MAE: 0.6662, MSE: 0.7094, RMSE: 0.8422, R²: 0.4867
Trial completed in 45.56 seconds
Trial MAE: 0.6933, MSE: 0.8069, RMSE: 0.8983, R²: 0.4161
Trial completed in 43.97 seconds
Trial MAE: 0.6534, MSE: 0.7033, RMSE: 0.8386, R²: 0.4911
Trial completed in 72.50 seconds
Trial MAE: 0.6950, MSE: 0.8128, RMSE: 0.9016, R²: 0.4119
Trial completed in 86.80 seconds
Trial MAE: 0.6375, MSE: 0.6479, RMSE: 0.8049, R²: 0.5312
Trial completed in 82.97 seconds
Trial MAE: 0.6571, MSE: 0.7389, RMSE: 0.8596, R²: 0.4654
Trial completed in 79.54 seconds
Trial MAE: 0.6930, MSE: 0.7875, RMSE: 0.8874, R²: 0.4302
Trial completed in 73.63 seconds
Trial MAE: 0.6737, MSE: 0.7019, RMSE: 0.8378, R²: 0.4921
Trial completed in 76.85 seconds
Trial MAE: 0.6918, MSE: 0.8325, RMSE: 0.9124, R²: 0.3976
Trial completed in 62.27 seconds
Trial MAE: 0.6502, MSE: 0.6995, RMSE: 0.8363, R²: 0.4939

=== Study Summary ===
Total Trials: 500
Pruned Trials: 458
Completed Trials: 42
Optimization Duration: 3164.67 seconds

Best Metrics from Completed Trials:
  Best R²: 0.5312, Hyperparameters: {'lr': 0.0006976291934888922, 'weight_decay': 3.3892472007134306e-05, 'dropout': 0.1, 'num_layers': 2, 'hidden_channels': 192, 'batch_size': 16}
  Best MAE: 0.6375, Hyperparameters: {'lr': 0.0006976291934888922, 'weight_decay': 3.3892472007134306e-05, 'dropout': 0.1, 'num_layers': 2, 'hidden_channels': 192, 'batch_size': 16}
  Best MSE: 0.6479, Hyperparameters: {'lr': 0.0006976291934888922, 'weight_decay': 3.3892472007134306e-05, 'dropout': 0.1, 'num_layers': 2, 'hidden_channels': 192, 'batch_size': 16}
  Best RMSE (Objective): 0.8049, Hyperparameters: {'lr': 0.0006976291934888922, 'weight_decay': 3.3892472007134306e-05, 'dropout': 0.1, 'num_layers': 2, 'hidden_channels': 192, 'batch_size': 16}

=== Completed Trials Details ===
Trial     R²        MAE       MSE       RMSE      Params
================================================================================
0         0.0466    0.9374    1.3177    1.1479    {'lr': 0.003972204115065408, 'weight_decay': 0.0001344577719678854, 'dropout': 0.4, 'num_layers': 4, 'hidden_channels': 64, 'batch_size': 32}
1         0.1945    0.8676    1.1133    1.0551    {'lr': 0.00035063284062608266, 'weight_decay': 4.84803505994005e-05, 'dropout': 0.30000000000000004, 'num_layers': 3, 'hidden_channels': 128, 'batch_size': 128}
2         0.2732    0.8245    1.0045    1.0022    {'lr': 0.00012945808265745192, 'weight_decay': 2.608358252365785e-05, 'dropout': 0.1, 'num_layers': 5, 'hidden_channels': 128, 'batch_size': 48}
3         0.0786    0.9118    1.2734    1.1284    {'lr': 2.367715735413998e-05, 'weight_decay': 2.0836146104385435e-05, 'dropout': 0.1, 'num_layers': 3, 'hidden_channels': 128, 'batch_size': 48}
4         0.3063    0.7829    0.9587    0.9791    {'lr': 0.0003261917540265507, 'weight_decay': 6.312558186211851e-05, 'dropout': 0.0, 'num_layers': 4, 'hidden_channels': 192, 'batch_size': 96}
5         0.4158    0.7243    0.8074    0.8986    {'lr': 0.0007172920665027804, 'weight_decay': 0.00027794453847702596, 'dropout': 0.2, 'num_layers': 5, 'hidden_channels': 128, 'batch_size': 16}
6         0.4673    0.6593    0.7361    0.8580    {'lr': 0.0019876837444179917, 'weight_decay': 0.00023296810446293847, 'dropout': 0.2, 'num_layers': 4, 'hidden_channels': 128, 'batch_size': 64}
7         0.2559    0.7753    1.0284    1.0141    {'lr': 0.0012084149533412372, 'weight_decay': 0.00033349376641439666, 'dropout': 0.4, 'num_layers': 2, 'hidden_channels': 192, 'batch_size': 16}
8         0.3075    0.7878    0.9571    0.9783    {'lr': 0.001096152869748587, 'weight_decay': 0.00048170896164139213, 'dropout': 0.4, 'num_layers': 2, 'hidden_channels': 192, 'batch_size': 16}
9         0.4196    0.7198    0.8022    0.8957    {'lr': 0.0005173390842464366, 'weight_decay': 0.00019883788060342625, 'dropout': 0.4, 'num_layers': 2, 'hidden_channels': 192, 'batch_size': 16}
10        0.3183    0.7511    0.9421    0.9706    {'lr': 0.00036482310613926677, 'weight_decay': 0.0007177580763298157, 'dropout': 0.30000000000000004, 'num_layers': 2, 'hidden_channels': 192, 'batch_size': 16}
11        0.4211    0.7004    0.8001    0.8945    {'lr': 0.0003435580984429502, 'weight_decay': 0.0004447684251473595, 'dropout': 0.30000000000000004, 'num_layers': 2, 'hidden_channels': 192, 'batch_size': 16}
12        0.3071    0.7451    0.9576    0.9786    {'lr': 0.0003147568564792749, 'weight_decay': 0.00046740912008689866, 'dropout': 0.30000000000000004, 'num_layers': 2, 'hidden_channels': 192, 'batch_size': 16}
13        0.3843    0.7282    0.8509    0.9224    {'lr': 0.0004745147244468799, 'weight_decay': 0.00017743763157195645, 'dropout': 0.2, 'num_layers': 2, 'hidden_channels': 160, 'batch_size': 16}
14        0.4037    0.6971    0.8241    0.9078    {'lr': 0.00034162037790697275, 'weight_decay': 0.0001682216347519185, 'dropout': 0.2, 'num_layers': 2, 'hidden_channels': 192, 'batch_size': 16}
15        0.4540    0.6740    0.7546    0.8687    {'lr': 0.0010268912259883752, 'weight_decay': 0.0001640697325302655, 'dropout': 0.2, 'num_layers': 2, 'hidden_channels': 192, 'batch_size': 16}
16        0.3914    0.7024    0.8411    0.9171    {'lr': 0.00034983105241543695, 'weight_decay': 0.0002802081186438255, 'dropout': 0.30000000000000004, 'num_layers': 2, 'hidden_channels': 192, 'batch_size': 16}
17        0.3427    0.7482    0.9083    0.9531    {'lr': 0.00044072439981839, 'weight_decay': 0.00015090965972159193, 'dropout': 0.30000000000000004, 'num_layers': 3, 'hidden_channels': 192, 'batch_size': 16}
18        0.5012    0.6455    0.6893    0.8302    {'lr': 0.0012624615109463368, 'weight_decay': 8.702550619626537e-05, 'dropout': 0.2, 'num_layers': 2, 'hidden_channels': 192, 'batch_size': 16}
19        0.4208    0.6949    0.8005    0.8947    {'lr': 0.0010865077863184533, 'weight_decay': 0.00014423077818849037, 'dropout': 0.2, 'num_layers': 2, 'hidden_channels': 192, 'batch_size': 16}
20        0.4273    0.7026    0.7915    0.8896    {'lr': 0.00033950053931060617, 'weight_decay': 0.00033086534413834283, 'dropout': 0.30000000000000004, 'num_layers': 2, 'hidden_channels': 192, 'batch_size': 16}
21        0.4257    0.6894    0.7938    0.8909    {'lr': 0.0009766946580618326, 'weight_decay': 0.00016713669656320837, 'dropout': 0.2, 'num_layers': 2, 'hidden_channels': 128, 'batch_size': 16}
22        0.3991    0.7039    0.8305    0.9113    {'lr': 0.0009360417946655272, 'weight_decay': 0.00020344833715152266, 'dropout': 0.4, 'num_layers': 2, 'hidden_channels': 192, 'batch_size': 16}
23        0.3968    0.7235    0.8337    0.9131    {'lr': 0.0004475956965193637, 'weight_decay': 0.0002153993542827124, 'dropout': 0.0, 'num_layers': 2, 'hidden_channels': 192, 'batch_size': 16}
24        0.4575    0.6637    0.7497    0.8659    {'lr': 0.0011747059814108994, 'weight_decay': 4.3674890386155494e-05, 'dropout': 0.2, 'num_layers': 2, 'hidden_channels': 192, 'batch_size': 16}
25        0.4217    0.7059    0.7992    0.8940    {'lr': 0.0006147820724277956, 'weight_decay': 0.0001576751810841193, 'dropout': 0.2, 'num_layers': 2, 'hidden_channels': 192, 'batch_size': 16}
26        0.5029    0.6508    0.6870    0.8289    {'lr': 0.0006355704275703415, 'weight_decay': 2.8117303134378725e-05, 'dropout': 0.2, 'num_layers': 2, 'hidden_channels': 192, 'batch_size': 16}
27        0.4940    0.6409    0.6993    0.8362    {'lr': 0.0006584359216066457, 'weight_decay': 2.978704165157228e-05, 'dropout': 0.2, 'num_layers': 2, 'hidden_channels': 192, 'batch_size': 16}
28        0.5115    0.6410    0.6751    0.8216    {'lr': 0.0006286394288077714, 'weight_decay': 0.00016254424504736454, 'dropout': 0.2, 'num_layers': 2, 'hidden_channels': 192, 'batch_size': 16}
29        0.4604    0.6689    0.7457    0.8635    {'lr': 0.0004490587783177259, 'weight_decay': 0.00020736908489835844, 'dropout': 0.2, 'num_layers': 2, 'hidden_channels': 192, 'batch_size': 16}
30        0.4813    0.6622    0.7169    0.8467    {'lr': 0.0005564516293257753, 'weight_decay': 0.0002957875388597801, 'dropout': 0.2, 'num_layers': 2, 'hidden_channels': 192, 'batch_size': 16}
31        0.4343    0.7055    0.7818    0.8842    {'lr': 0.0008100002536925134, 'weight_decay': 0.00034765298692280357, 'dropout': 0.2, 'num_layers': 2, 'hidden_channels': 192, 'batch_size': 16}
32        0.4867    0.6662    0.7094    0.8422    {'lr': 0.0007886438515667337, 'weight_decay': 0.0003521047755173625, 'dropout': 0.2, 'num_layers': 2, 'hidden_channels': 192, 'batch_size': 16}
33        0.4161    0.6933    0.8069    0.8983    {'lr': 0.0010378707647735966, 'weight_decay': 0.00025986995959154037, 'dropout': 0.2, 'num_layers': 2, 'hidden_channels': 160, 'batch_size': 16}
34        0.4911    0.6534    0.7033    0.8386    {'lr': 0.0004879244119727764, 'weight_decay': 0.00023363225475629568, 'dropout': 0.2, 'num_layers': 2, 'hidden_channels': 192, 'batch_size': 16}
35        0.4119    0.6950    0.8128    0.9016    {'lr': 0.0007512665191626055, 'weight_decay': 0.00024189621491806706, 'dropout': 0.2, 'num_layers': 2, 'hidden_channels': 160, 'batch_size': 16}
36        0.5312    0.6375    0.6479    0.8049    {'lr': 0.0006976291934888922, 'weight_decay': 3.3892472007134306e-05, 'dropout': 0.1, 'num_layers': 2, 'hidden_channels': 192, 'batch_size': 16}
37        0.4654    0.6571    0.7389    0.8596    {'lr': 0.0007419951353772637, 'weight_decay': 3.418809096921871e-05, 'dropout': 0.2, 'num_layers': 2, 'hidden_channels': 192, 'batch_size': 16}
38        0.4302    0.6930    0.7875    0.8874    {'lr': 0.0009915812725284445, 'weight_decay': 3.273129187822615e-05, 'dropout': 0.2, 'num_layers': 2, 'hidden_channels': 192, 'batch_size': 16}
39        0.4921    0.6737    0.7019    0.8378    {'lr': 0.0007109385478880669, 'weight_decay': 1.900881023274923e-05, 'dropout': 0.2, 'num_layers': 2, 'hidden_channels': 192, 'batch_size': 16}
40        0.3976    0.6918    0.8325    0.9124    {'lr': 0.0007089731210622162, 'weight_decay': 8.728377672210503e-05, 'dropout': 0.2, 'num_layers': 2, 'hidden_channels': 192, 'batch_size': 16}
41        0.4939    0.6502    0.6995    0.8363    {'lr': 0.0006789507058168633, 'weight_decay': 6.52474711773628e-05, 'dropout': 0.2, 'num_layers': 2, 'hidden_channels': 192, 'batch_size': 16}

Total execution time: 3164.67 seconds
