[I 2024-12-20 10:28:50,744] Trial 317 finished with value: 0.8216294026839392 and parameters: {'lr': 0.0006286394288077714, 'weight_decay': 0.00016254424504736454, 'dropout': 0.2, 'num_layers': 2, 'hidden_channels': 192, 'batch_size': 16}. Best is trial 317 with value: 0.8216294026839392.
[I 2024-12-20 10:28:53,399] Trial 318 pruned. 
[I 2024-12-20 10:28:56,061] Trial 319 pruned. 
[I 2024-12-20 10:28:58,835] Trial 320 pruned. 
[I 2024-12-20 10:29:01,515] Trial 321 pruned. 
[I 2024-12-20 10:29:03,364] Trial 322 pruned. 
[I 2024-12-20 10:29:06,073] Trial 323 pruned. 
[I 2024-12-20 10:29:07,936] Trial 324 pruned. 
[I 2024-12-20 10:29:50,238] Trial 325 finished with value: 0.863538367184976 and parameters: {'lr': 0.0004490587783177259, 'weight_decay': 0.00020736908489835844, 'dropout': 0.2, 'num_layers': 2, 'hidden_channels': 192, 'batch_size': 16}. Best is trial 317 with value: 0.8216294026839392.
[I 2024-12-20 10:29:51,873] Trial 326 pruned. 
[I 2024-12-20 10:29:53,714] Trial 327 pruned. 
[I 2024-12-20 10:29:55,500] Trial 328 pruned. 
[I 2024-12-20 10:29:58,265] Trial 329 pruned. 
[I 2024-12-20 10:30:00,054] Trial 330 pruned. 
[I 2024-12-20 10:30:01,926] Trial 331 pruned. 
[I 2024-12-20 10:30:13,446] Trial 332 pruned. 
[I 2024-12-20 10:30:16,057] Trial 333 pruned. 
[I 2024-12-20 10:30:17,784] Trial 334 pruned. 
[I 2024-12-20 10:30:19,559] Trial 335 pruned. 
[I 2024-12-20 10:31:04,149] Trial 336 finished with value: 0.8466717324768664 and parameters: {'lr': 0.0005564516293257753, 'weight_decay': 0.0002957875388597801, 'dropout': 0.2, 'num_layers': 2, 'hidden_channels': 192, 'batch_size': 16}. Best is trial 317 with value: 0.8216294026839392.
[I 2024-12-20 10:31:05,925] Trial 337 pruned. 
[I 2024-12-20 10:31:07,784] Trial 338 pruned. 
[I 2024-12-20 10:31:09,582] Trial 339 pruned. 
[I 2024-12-20 10:31:12,219] Trial 340 pruned. 
[I 2024-12-20 10:31:14,060] Trial 341 pruned. 
[I 2024-12-20 10:31:22,676] Trial 342 pruned. 
[I 2024-12-20 10:31:24,529] Trial 343 pruned. 
[I 2024-12-20 10:31:26,351] Trial 344 pruned. 
[I 2024-12-20 10:31:28,143] Trial 345 pruned. 
[I 2024-12-20 10:31:30,011] Trial 346 pruned. 
[I 2024-12-20 10:31:32,388] Trial 347 pruned. 
[I 2024-12-20 10:31:34,744] Trial 348 pruned. 
[I 2024-12-20 10:31:36,375] Trial 349 pruned. 
[I 2024-12-20 10:31:38,082] Trial 350 pruned. 
[I 2024-12-20 10:32:23,180] Trial 351 finished with value: 0.8842086891724986 and parameters: {'lr': 0.0008100002536925134, 'weight_decay': 0.00034765298692280357, 'dropout': 0.2, 'num_layers': 2, 'hidden_channels': 192, 'batch_size': 16}. Best is trial 317 with value: 0.8216294026839392.
[I 2024-12-20 10:33:03,420] Trial 352 finished with value: 0.8422432620921778 and parameters: {'lr': 0.0007886438515667337, 'weight_decay': 0.0003521047755173625, 'dropout': 0.2, 'num_layers': 2, 'hidden_channels': 192, 'batch_size': 16}. Best is trial 317 with value: 0.8216294026839392.
[I 2024-12-20 10:33:05,213] Trial 353 pruned. 
[I 2024-12-20 10:33:06,989] Trial 354 pruned. 
[I 2024-12-20 10:33:08,836] Trial 355 pruned. 
[I 2024-12-20 10:33:11,523] Trial 356 pruned. 
[I 2024-12-20 10:33:14,251] Trial 357 pruned. 
[I 2024-12-20 10:33:16,039] Trial 358 pruned. 
[I 2024-12-20 10:34:01,617] Trial 359 finished with value: 0.8983012220438714 and parameters: {'lr': 0.0010378707647735966, 'weight_decay': 0.00025986995959154037, 'dropout': 0.2, 'num_layers': 2, 'hidden_channels': 160, 'batch_size': 16}. Best is trial 317 with value: 0.8216294026839392.
[I 2024-12-20 10:34:03,247] Trial 360 pruned. 
[I 2024-12-20 10:34:05,027] Trial 361 pruned. 
[I 2024-12-20 10:34:07,755] Trial 362 pruned. 
[I 2024-12-20 10:34:09,681] Trial 363 pruned. 
[I 2024-12-20 10:34:12,436] Trial 364 pruned. 
[I 2024-12-20 10:34:14,189] Trial 365 pruned. 
[I 2024-12-20 10:34:15,972] Trial 366 pruned. 
[I 2024-12-20 10:34:17,808] Trial 367 pruned. 
[I 2024-12-20 10:34:19,582] Trial 368 pruned. 
[I 2024-12-20 10:34:21,433] Trial 369 pruned. 
[I 2024-12-20 10:34:23,209] Trial 370 pruned. 
[I 2024-12-20 10:34:24,909] Trial 371 pruned. 
[I 2024-12-20 10:34:26,548] Trial 372 pruned. 
[I 2024-12-20 10:34:28,302] Trial 373 pruned. 
[I 2024-12-20 10:34:33,831] Trial 374 pruned. 
[I 2024-12-20 10:34:35,444] Trial 375 pruned. 
[I 2024-12-20 10:34:37,272] Trial 376 pruned. 
[I 2024-12-20 10:34:39,028] Trial 377 pruned. 
[I 2024-12-20 10:34:49,647] Trial 378 pruned. 
[I 2024-12-20 10:34:51,495] Trial 379 pruned. 
[I 2024-12-20 10:34:53,123] Trial 380 pruned. 
[I 2024-12-20 10:34:54,976] Trial 381 pruned. 
[I 2024-12-20 10:34:56,740] Trial 382 pruned. 
[I 2024-12-20 10:34:58,596] Trial 383 pruned. 
[I 2024-12-20 10:35:01,223] Trial 384 pruned. 
[I 2024-12-20 10:35:03,110] Trial 385 pruned. 
[I 2024-12-20 10:35:04,968] Trial 386 pruned. 
[I 2024-12-20 10:35:06,740] Trial 387 pruned. 
[I 2024-12-20 10:35:08,603] Trial 388 pruned. 
[I 2024-12-20 10:35:10,389] Trial 389 pruned. 
[I 2024-12-20 10:35:12,163] Trial 390 pruned. 
[I 2024-12-20 10:35:14,047] Trial 391 pruned. 
[I 2024-12-20 10:35:16,723] Trial 392 pruned. 
[I 2024-12-20 10:35:18,931] Trial 393 pruned. 
[I 2024-12-20 10:35:20,747] Trial 394 pruned. 
[I 2024-12-20 10:35:22,546] Trial 395 pruned. 
[I 2024-12-20 10:35:24,409] Trial 396 pruned. 
[I 2024-12-20 10:35:26,207] Trial 397 pruned. 
[I 2024-12-20 10:35:27,933] Trial 398 pruned. 
[I 2024-12-20 10:35:30,309] Trial 399 pruned. 
[I 2024-12-20 10:35:33,039] Trial 400 pruned. 
[I 2024-12-20 10:35:35,722] Trial 401 pruned. 
[I 2024-12-20 10:35:59,672] Trial 402 pruned. 
[I 2024-12-20 10:36:01,535] Trial 403 pruned. 
[I 2024-12-20 10:36:03,645] Trial 404 pruned. 
[I 2024-12-20 10:36:06,391] Trial 405 pruned. 
[I 2024-12-20 10:36:50,382] Trial 406 finished with value: 0.8386112129009474 and parameters: {'lr': 0.0004879244119727764, 'weight_decay': 0.00023363225475629568, 'dropout': 0.2, 'num_layers': 2, 'hidden_channels': 192, 'batch_size': 16}. Best is trial 317 with value: 0.8216294026839392.
[I 2024-12-20 10:36:52,247] Trial 407 pruned. 
[I 2024-12-20 10:36:54,200] Trial 408 pruned. 
[I 2024-12-20 10:36:56,866] Trial 409 pruned. 
[I 2024-12-20 10:36:58,732] Trial 410 pruned. 
[I 2024-12-20 10:38:11,255] Trial 411 finished with value: 0.9015637283713502 and parameters: {'lr': 0.0007512665191626055, 'weight_decay': 0.00024189621491806706, 'dropout': 0.2, 'num_layers': 2, 'hidden_channels': 160, 'batch_size': 16}. Best is trial 317 with value: 0.8216294026839392.
[I 2024-12-20 10:38:13,715] Trial 412 pruned. 
[I 2024-12-20 10:38:18,100] Trial 413 pruned. 
[I 2024-12-20 10:38:33,874] Trial 414 pruned. 
[I 2024-12-20 10:38:36,270] Trial 415 pruned. 
[I 2024-12-20 10:38:38,662] Trial 416 pruned. 
[I 2024-12-20 10:38:42,682] Trial 417 pruned. 
[I 2024-12-20 10:39:43,840] Trial 418 pruned. 
[I 2024-12-20 10:39:46,202] Trial 419 pruned. 
[I 2024-12-20 10:39:48,036] Trial 420 pruned. 
[I 2024-12-20 10:39:50,353] Trial 421 pruned. 
[I 2024-12-20 10:39:52,611] Trial 422 pruned. 
[I 2024-12-20 10:40:01,396] Trial 423 pruned. 
[I 2024-12-20 10:40:03,495] Trial 424 pruned. 
[I 2024-12-20 10:40:05,562] Trial 425 pruned. 
[I 2024-12-20 10:41:32,389] Trial 426 finished with value: 0.8049020573759758 and parameters: {'lr': 0.0006976291934888922, 'weight_decay': 3.3892472007134306e-05, 'dropout': 0.1, 'num_layers': 2, 'hidden_channels': 192, 'batch_size': 16}. Best is trial 426 with value: 0.8049020573759758.
[I 2024-12-20 10:41:34,560] Trial 427 pruned. 
[I 2024-12-20 10:41:36,855] Trial 428 pruned. 
[I 2024-12-20 10:42:59,844] Trial 429 finished with value: 0.8595646735597743 and parameters: {'lr': 0.0007419951353772637, 'weight_decay': 3.418809096921871e-05, 'dropout': 0.2, 'num_layers': 2, 'hidden_channels': 192, 'batch_size': 16}. Best is trial 426 with value: 0.8049020573759758.
[I 2024-12-20 10:43:02,008] Trial 430 pruned. 
[I 2024-12-20 10:43:04,008] Trial 431 pruned. 
[I 2024-12-20 10:43:07,753] Trial 432 pruned. 
[I 2024-12-20 10:43:09,929] Trial 433 pruned. 
[I 2024-12-20 10:44:29,501] Trial 434 finished with value: 0.887409361388286 and parameters: {'lr': 0.0009915812725284445, 'weight_decay': 3.273129187822615e-05, 'dropout': 0.2, 'num_layers': 2, 'hidden_channels': 192, 'batch_size': 16}. Best is trial 426 with value: 0.8049020573759758.
[I 2024-12-20 10:44:31,274] Trial 435 pruned. 
[I 2024-12-20 10:44:33,383] Trial 436 pruned. 
[I 2024-12-20 10:44:35,626] Trial 437 pruned. 
[I 2024-12-20 10:44:37,767] Trial 438 pruned. 
[I 2024-12-20 10:44:40,003] Trial 439 pruned. 
[I 2024-12-20 10:44:41,986] Trial 440 pruned. 
[I 2024-12-20 10:44:43,757] Trial 441 pruned. 
[I 2024-12-20 10:44:45,733] Trial 442 pruned. 
[I 2024-12-20 10:44:47,726] Trial 443 pruned. 
[I 2024-12-20 10:44:51,566] Trial 444 pruned. 
[I 2024-12-20 10:44:53,755] Trial 445 pruned. 
[I 2024-12-20 10:46:07,419] Trial 446 finished with value: 0.8378012371622341 and parameters: {'lr': 0.0007109385478880669, 'weight_decay': 1.900881023274923e-05, 'dropout': 0.2, 'num_layers': 2, 'hidden_channels': 192, 'batch_size': 16}. Best is trial 426 with value: 0.8049020573759758.
[I 2024-12-20 10:46:09,586] Trial 447 pruned. 
[I 2024-12-20 10:46:17,742] Trial 448 pruned. 
[I 2024-12-20 10:46:25,874] Trial 449 pruned. 
[I 2024-12-20 10:46:29,646] Trial 450 pruned. 
[I 2024-12-20 10:46:31,838] Trial 451 pruned. 
[I 2024-12-20 10:46:34,002] Trial 452 pruned. 
[I 2024-12-20 10:46:35,859] Trial 453 pruned. 
[I 2024-12-20 10:46:38,035] Trial 454 pruned. 
[I 2024-12-20 10:46:40,220] Trial 455 pruned. 
[I 2024-12-20 10:46:42,440] Trial 456 pruned. 
[I 2024-12-20 10:46:44,593] Trial 457 pruned. 
[I 2024-12-20 10:46:48,103] Trial 458 pruned. 
[I 2024-12-20 10:46:49,914] Trial 459 pruned. 
[I 2024-12-20 10:46:52,172] Trial 460 pruned. 
[I 2024-12-20 10:46:54,338] Trial 461 pruned. 
[I 2024-12-20 10:46:56,728] Trial 462 pruned. 
[I 2024-12-20 10:47:00,588] Trial 463 pruned. 
[I 2024-12-20 10:47:02,778] Trial 464 pruned. 
[I 2024-12-20 10:47:06,623] Trial 465 pruned. 
[I 2024-12-20 10:47:08,797] Trial 466 pruned. 
[I 2024-12-20 10:47:10,969] Trial 467 pruned. 
[I 2024-12-20 10:47:13,186] Trial 468 pruned. 
[I 2024-12-20 10:47:16,456] Trial 469 pruned. 
[I 2024-12-20 10:48:33,331] Trial 470 finished with value: 0.9124234820643351 and parameters: {'lr': 0.0007089731210622162, 'weight_decay': 8.728377672210503e-05, 'dropout': 0.2, 'num_layers': 2, 'hidden_channels': 192, 'batch_size': 16}. Best is trial 426 with value: 0.8049020573759758.
[I 2024-12-20 10:48:56,483] Trial 471 pruned. 
[I 2024-12-20 10:49:09,827] Trial 472 pruned. 
[I 2024-12-20 10:49:12,063] Trial 473 pruned. 
[I 2024-12-20 10:49:14,378] Trial 474 pruned. 
[I 2024-12-20 10:49:16,474] Trial 475 pruned. 
[I 2024-12-20 10:49:19,788] Trial 476 pruned. 
[I 2024-12-20 10:49:21,432] Trial 477 pruned. 
[I 2024-12-20 10:49:23,549] Trial 478 pruned. 
[I 2024-12-20 10:49:27,399] Trial 479 pruned. 
[I 2024-12-20 10:49:29,394] Trial 480 pruned. 
[I 2024-12-20 10:49:31,143] Trial 481 pruned. 
[I 2024-12-20 10:49:32,789] Trial 482 pruned. 
[I 2024-12-20 10:49:35,089] Trial 483 pruned. 
[I 2024-12-20 10:49:38,836] Trial 484 pruned. 
[I 2024-12-20 10:49:41,053] Trial 485 pruned. 
[I 2024-12-20 10:49:45,212] Trial 486 pruned. 
[I 2024-12-20 10:49:47,575] Trial 487 pruned. 
[I 2024-12-20 10:49:49,206] Trial 488 pruned. 
[I 2024-12-20 10:49:51,585] Trial 489 pruned. 
[I 2024-12-20 10:49:53,894] Trial 490 pruned. 
[I 2024-12-20 10:49:56,146] Trial 491 pruned. 
[I 2024-12-20 10:49:58,432] Trial 492 pruned. 
[I 2024-12-20 10:50:00,221] Trial 493 pruned. 
[I 2024-12-20 10:50:02,283] Trial 494 pruned. 
[I 2024-12-20 10:51:04,572] Trial 495 finished with value: 0.836347247799972 and parameters: {'lr': 0.0006789507058168633, 'weight_decay': 6.52474711773628e-05, 'dropout': 0.2, 'num_layers': 2, 'hidden_channels': 192, 'batch_size': 16}. Best is trial 426 with value: 0.8049020573759758.
[I 2024-12-20 10:51:06,592] Trial 496 pruned. 
[I 2024-12-20 10:51:08,543] Trial 497 pruned. 
[I 2024-12-20 10:51:10,167] Trial 498 pruned. 
