[I 2024-12-20 10:37:09,800] A new study created in RDB with name: hyperparameter-tune-afp
[I 2024-12-20 10:37:35,911] Trial 0 finished with value: 0.9671952168737641 and parameters: {'lr': 0.0015660304051579087, 'weight_decay': 5.4191526340961114e-05, 'dropout': 0.6, 'num_layers': 2, 'hidden_channels': 160, 'batch_size': 80}. Best is trial 0 with value: 0.9671952168737641.
[I 2024-12-20 10:38:00,456] Trial 1 finished with value: 0.8235968824604571 and parameters: {'lr': 9.82734264911076e-05, 'weight_decay': 9.287975941411355e-06, 'dropout': 0.2, 'num_layers': 5, 'hidden_channels': 160, 'batch_size': 128}. Best is trial 1 with value: 0.8235968824604571.
[I 2024-12-20 10:38:36,417] Trial 2 finished with value: 0.9625604152296475 and parameters: {'lr': 6.48383759858272e-05, 'weight_decay': 0.0001721547169028302, 'dropout': 0.4, 'num_layers': 6, 'hidden_channels': 192, 'batch_size': 80}. Best is trial 1 with value: 0.8235968824604571.
[I 2024-12-20 10:41:15,396] Trial 3 finished with value: 0.9867425331275856 and parameters: {'lr': 1.5632808809008706e-05, 'weight_decay': 0.00043013724138011097, 'dropout': 0.2, 'num_layers': 6, 'hidden_channels': 192, 'batch_size': 16}. Best is trial 1 with value: 0.8235968824604571.
[I 2024-12-20 10:41:43,889] Trial 4 finished with value: 1.2320073272375718 and parameters: {'lr': 0.08156914735364203, 'weight_decay': 3.793650647358193e-05, 'dropout': 0.0, 'num_layers': 3, 'hidden_channels': 160, 'batch_size': 80}. Best is trial 1 with value: 0.8235968824604571.
[I 2024-12-20 10:41:54,548] Trial 5 pruned. 
[I 2024-12-20 10:42:26,261] Trial 6 finished with value: 0.6123476150285592 and parameters: {'lr': 0.0008812666786350243, 'weight_decay': 8.925864030721756e-06, 'dropout': 0.30000000000000004, 'num_layers': 6, 'hidden_channels': 192, 'batch_size': 96}. Best is trial 6 with value: 0.6123476150285592.
[I 2024-12-20 10:42:27,884] Trial 7 pruned. 
[I 2024-12-20 10:42:59,853] Trial 8 finished with value: 0.6294956643922557 and parameters: {'lr': 0.0016440582501992807, 'weight_decay': 7.682673140099137e-06, 'dropout': 0.1, 'num_layers': 4, 'hidden_channels': 96, 'batch_size': 80}. Best is trial 6 with value: 0.6123476150285592.
[I 2024-12-20 10:43:01,938] Trial 9 pruned. 
[I 2024-12-20 10:43:03,838] Trial 10 pruned. 
[I 2024-12-20 10:43:54,059] Trial 11 finished with value: 0.6114513041554193 and parameters: {'lr': 0.0011193640703578871, 'weight_decay': 2.2447999012170688e-06, 'dropout': 0.1, 'num_layers': 4, 'hidden_channels': 64, 'batch_size': 48}. Best is trial 11 with value: 0.6114513041554193.
[I 2024-12-20 10:44:42,722] Trial 12 finished with value: 0.6641947221952916 and parameters: {'lr': 0.0005755805535453549, 'weight_decay': 1.244845597016794e-06, 'dropout': 0.30000000000000004, 'num_layers': 4, 'hidden_channels': 64, 'batch_size': 48}. Best is trial 11 with value: 0.6114513041554193.
[I 2024-12-20 10:45:34,007] Trial 13 pruned. 
[I 2024-12-20 10:45:38,133] Trial 14 pruned. 
[I 2024-12-20 10:46:01,581] Trial 15 finished with value: 0.6614019164608718 and parameters: {'lr': 0.0033833783552880124, 'weight_decay': 2.4213030605936314e-05, 'dropout': 0.1, 'num_layers': 3, 'hidden_channels': 96, 'batch_size': 112}. Best is trial 11 with value: 0.6114513041554193.
[I 2024-12-20 10:46:03,762] Trial 16 pruned. 
[I 2024-12-20 10:46:05,493] Trial 17 pruned. 
[I 2024-12-20 10:46:15,417] Trial 18 pruned. 
[I 2024-12-20 10:46:17,322] Trial 19 pruned. 
[I 2024-12-20 10:46:20,552] Trial 20 pruned. 
[I 2024-12-20 10:46:47,642] Trial 21 finished with value: 0.6511760928927582 and parameters: {'lr': 0.0030864905276869635, 'weight_decay': 7.910926890056299e-06, 'dropout': 0.1, 'num_layers': 4, 'hidden_channels': 96, 'batch_size': 96}. Best is trial 11 with value: 0.6114513041554193.
[I 2024-12-20 10:47:13,641] Trial 22 finished with value: 0.6211850321166372 and parameters: {'lr': 0.001280413342195625, 'weight_decay': 1.7643805865146878e-05, 'dropout': 0.1, 'num_layers': 4, 'hidden_channels': 96, 'batch_size': 96}. Best is trial 11 with value: 0.6114513041554193.
[I 2024-12-20 10:47:40,909] Trial 23 finished with value: 0.5953800012961897 and parameters: {'lr': 0.0008913788336489001, 'weight_decay': 1.8853305972723324e-05, 'dropout': 0.0, 'num_layers': 4, 'hidden_channels': 64, 'batch_size': 96}. Best is trial 23 with value: 0.5953800012961897.
[I 2024-12-20 10:47:42,542] Trial 24 pruned. 
[I 2024-12-20 10:47:55,763] Trial 25 pruned. 
[I 2024-12-20 10:47:58,827] Trial 26 pruned. 
[I 2024-12-20 10:48:00,470] Trial 27 pruned. 
[I 2024-12-20 10:49:19,096] Trial 28 finished with value: 0.5996518446205692 and parameters: {'lr': 0.0010741519268306805, 'weight_decay': 5.524536706709226e-06, 'dropout': 0.1, 'num_layers': 5, 'hidden_channels': 160, 'batch_size': 32}. Best is trial 23 with value: 0.5953800012961897.
[I 2024-12-20 10:49:27,684] Trial 29 pruned. 
[I 2024-12-20 10:49:29,654] Trial 30 pruned. 
[I 2024-12-20 10:50:42,116] Trial 31 finished with value: 0.6020683292204534 and parameters: {'lr': 0.0011424909894583066, 'weight_decay': 5.752798007490153e-06, 'dropout': 0.1, 'num_layers': 6, 'hidden_channels': 192, 'batch_size': 32}. Best is trial 23 with value: 0.5953800012961897.
[I 2024-12-20 10:50:44,883] Trial 32 pruned. 
[I 2024-12-20 10:50:49,006] Trial 33 pruned. 
[I 2024-12-20 10:50:51,726] Trial 34 pruned. 
[I 2024-12-20 10:51:08,960] Trial 35 pruned. 
[I 2024-12-20 10:51:10,863] Trial 36 pruned. 
[I 2024-12-20 10:51:12,961] Trial 37 pruned. 
[I 2024-12-20 10:51:14,857] Trial 38 pruned. 
[I 2024-12-20 10:51:48,542] Trial 39 finished with value: 0.590581546173937 and parameters: {'lr': 0.0012889368815926748, 'weight_decay': 1.7391048317761783e-06, 'dropout': 0.1, 'num_layers': 3, 'hidden_channels': 128, 'batch_size': 48}. Best is trial 39 with value: 0.590581546173937.
[I 2024-12-20 10:51:55,774] Trial 40 pruned. 
[I 2024-12-20 10:51:57,673] Trial 41 pruned. 
[I 2024-12-20 10:52:30,749] Trial 42 finished with value: 0.5900133912134692 and parameters: {'lr': 0.0009530632340333946, 'weight_decay': 3.6780610135403015e-06, 'dropout': 0.1, 'num_layers': 3, 'hidden_channels': 160, 'batch_size': 48}. Best is trial 42 with value: 0.5900133912134692.
[I 2024-12-20 10:53:16,553] Trial 43 finished with value: 0.5970606360432845 and parameters: {'lr': 0.00042019148884798357, 'weight_decay': 4.361957349660278e-06, 'dropout': 0.1, 'num_layers': 3, 'hidden_channels': 160, 'batch_size': 32}. Best is trial 42 with value: 0.5900133912134692.
[I 2024-12-20 10:53:18,992] Trial 44 pruned. 
[I 2024-12-20 10:53:23,452] Trial 45 pruned. 
[I 2024-12-20 10:53:24,955] Trial 46 pruned. 
[I 2024-12-20 10:53:26,750] Trial 47 pruned. 
[I 2024-12-20 10:53:28,149] Trial 48 pruned. 
[I 2024-12-20 10:53:31,362] Trial 49 pruned. 
[I 2024-12-20 10:53:36,995] Trial 50 pruned. 
[I 2024-12-20 10:53:38,804] Trial 51 pruned. 
[I 2024-12-20 10:53:40,547] Trial 52 pruned. 
[I 2024-12-20 10:53:42,610] Trial 53 pruned. 
[I 2024-12-20 10:53:46,184] Trial 54 pruned. 
[I 2024-12-20 10:53:48,400] Trial 55 pruned. 
[I 2024-12-20 10:53:49,923] Trial 56 pruned. 
[I 2024-12-20 10:53:51,551] Trial 57 pruned. 
[I 2024-12-20 10:53:53,270] Trial 58 pruned. 
[I 2024-12-20 10:53:55,505] Trial 59 pruned. 
[I 2024-12-20 10:53:58,651] Trial 60 pruned. 
[I 2024-12-20 10:54:00,386] Trial 61 pruned. 
[I 2024-12-20 10:54:02,251] Trial 62 pruned. 
[I 2024-12-20 10:54:03,839] Trial 63 pruned. 
[I 2024-12-20 10:54:10,122] Trial 64 pruned. 
[I 2024-12-20 10:54:12,024] Trial 65 pruned. 
[I 2024-12-20 10:54:14,401] Trial 66 pruned. 
[I 2024-12-20 10:54:16,110] Trial 67 pruned. 
[I 2024-12-20 10:54:17,614] Trial 68 pruned. 
[I 2024-12-20 10:54:19,134] Trial 69 pruned. 
[I 2024-12-20 10:55:04,724] Trial 70 finished with value: 0.6026000945652363 and parameters: {'lr': 0.0009553016404974116, 'weight_decay': 1.3427771026977984e-05, 'dropout': 0.1, 'num_layers': 3, 'hidden_channels': 96, 'batch_size': 32}. Best is trial 42 with value: 0.5900133912134692.
[I 2024-12-20 10:55:06,359] Trial 71 pruned. 
[I 2024-12-20 10:55:08,126] Trial 72 pruned. 
[I 2024-12-20 10:55:09,637] Trial 73 pruned. 
[I 2024-12-20 10:55:13,848] Trial 74 pruned. 
[I 2024-12-20 10:55:37,976] Trial 75 pruned. 
[I 2024-12-20 10:55:39,906] Trial 76 pruned. 
[I 2024-12-20 10:55:41,440] Trial 77 pruned. 
[I 2024-12-20 10:55:47,775] Trial 78 pruned. 
[I 2024-12-20 10:55:49,989] Trial 79 pruned. 
[I 2024-12-20 10:55:53,978] Trial 80 pruned. 
[I 2024-12-20 10:55:55,450] Trial 81 pruned. 
[I 2024-12-20 10:55:57,033] Trial 82 pruned. 
[I 2024-12-20 10:55:58,525] Trial 83 pruned. 
[I 2024-12-20 10:56:00,076] Trial 84 pruned. 
[I 2024-12-20 10:56:01,835] Trial 85 pruned. 
[I 2024-12-20 10:56:03,343] Trial 86 pruned. 
[I 2024-12-20 10:56:06,430] Trial 87 pruned. 
[I 2024-12-20 10:56:07,840] Trial 88 pruned. 
[I 2024-12-20 10:56:09,784] Trial 89 pruned. 
[I 2024-12-20 10:56:14,307] Trial 90 pruned. 
[I 2024-12-20 10:56:15,767] Trial 91 pruned. 
[I 2024-12-20 10:56:17,278] Trial 92 pruned. 
[I 2024-12-20 10:56:18,787] Trial 93 pruned. 
[I 2024-12-20 10:56:20,957] Trial 94 pruned. 
[I 2024-12-20 10:56:22,472] Trial 95 pruned. 
[I 2024-12-20 10:56:26,332] Trial 96 pruned. 
[I 2024-12-20 10:56:28,025] Trial 97 pruned. 
[I 2024-12-20 10:56:29,809] Trial 98 pruned. 
[I 2024-12-20 10:56:31,349] Trial 99 pruned. 
[I 2024-12-20 10:57:53,075] Trial 100 finished with value: 0.5993051409459021 and parameters: {'lr': 0.001002883525552055, 'weight_decay': 1.0614711711559799e-05, 'dropout': 0.0, 'num_layers': 3, 'hidden_channels': 192, 'batch_size': 16}. Best is trial 42 with value: 0.5900133912134692.
[I 2024-12-20 10:57:57,465] Trial 101 pruned. 
[I 2024-12-20 10:58:01,851] Trial 102 pruned. 
[I 2024-12-20 10:58:06,683] Trial 103 pruned. 
[I 2024-12-20 10:58:08,698] Trial 104 pruned. 
[I 2024-12-20 10:58:11,021] Trial 105 pruned. 
[I 2024-12-20 10:58:12,840] Trial 106 pruned. 
[I 2024-12-20 10:58:14,460] Trial 107 pruned. 
[I 2024-12-20 10:58:16,678] Trial 108 pruned. 
[I 2024-12-20 10:58:20,119] Trial 109 pruned. 
[I 2024-12-20 10:58:21,693] Trial 110 pruned. 
[I 2024-12-20 10:58:23,152] Trial 111 pruned. 
[I 2024-12-20 10:58:24,717] Trial 112 pruned. 
[I 2024-12-20 10:58:26,257] Trial 113 pruned. 
[I 2024-12-20 10:58:27,732] Trial 114 pruned. 
[I 2024-12-20 10:58:35,351] Trial 115 pruned. 
[I 2024-12-20 10:59:30,502] Trial 116 finished with value: 0.6109048517581831 and parameters: {'lr': 0.0009478040850812572, 'weight_decay': 3.5790437638901105e-06, 'dropout': 0.2, 'num_layers': 5, 'hidden_channels': 192, 'batch_size': 32}. Best is trial 42 with value: 0.5900133912134692.
[I 2024-12-20 11:00:25,322] Trial 117 finished with value: 0.6100770378713732 and parameters: {'lr': 0.0004410469858108682, 'weight_decay': 3.7222033429367204e-06, 'dropout': 0.2, 'num_layers': 5, 'hidden_channels': 192, 'batch_size': 32}. Best is trial 42 with value: 0.5900133912134692.
[I 2024-12-20 11:00:27,046] Trial 118 pruned. 
[I 2024-12-20 11:00:28,870] Trial 119 pruned. 
[I 2024-12-20 11:00:31,151] Trial 120 pruned. 
[I 2024-12-20 11:00:32,951] Trial 121 pruned. 
[I 2024-12-20 11:00:34,693] Trial 122 pruned. 
[I 2024-12-20 11:00:36,961] Trial 123 pruned. 
[I 2024-12-20 11:02:04,927] Trial 124 pruned. 
[I 2024-12-20 11:02:06,620] Trial 125 pruned. 
[I 2024-12-20 11:02:08,412] Trial 126 pruned. 
[I 2024-12-20 11:02:10,221] Trial 127 pruned. 
[I 2024-12-20 11:02:11,886] Trial 128 pruned. 
[I 2024-12-20 11:03:00,378] Trial 129 finished with value: 0.6128702669670874 and parameters: {'lr': 0.0013330743316260463, 'weight_decay': 8.52277723734097e-06, 'dropout': 0.0, 'num_layers': 4, 'hidden_channels': 160, 'batch_size': 32}. Best is trial 42 with value: 0.5900133912134692.
[I 2024-12-20 11:03:03,917] Trial 130 pruned. 
[I 2024-12-20 11:03:05,583] Trial 131 pruned. 
[I 2024-12-20 11:03:58,490] Trial 132 finished with value: 0.5929962443334134 and parameters: {'lr': 0.0009865637038400192, 'weight_decay': 8.029145912507536e-06, 'dropout': 0.0, 'num_layers': 5, 'hidden_channels': 160, 'batch_size': 32}. Best is trial 42 with value: 0.5900133912134692.
[I 2024-12-20 11:04:51,108] Trial 133 finished with value: 0.5744251736549147 and parameters: {'lr': 0.0007004156893670834, 'weight_decay': 7.749766287713313e-06, 'dropout': 0.0, 'num_layers': 5, 'hidden_channels': 160, 'batch_size': 32}. Best is trial 133 with value: 0.5744251736549147.
[I 2024-12-20 11:04:52,881] Trial 134 pruned. 
[I 2024-12-20 11:04:55,214] Trial 135 pruned. 
[I 2024-12-20 11:05:47,979] Trial 136 finished with value: 0.5831828405758082 and parameters: {'lr': 0.0005248840750815412, 'weight_decay': 1.0432357113076699e-05, 'dropout': 0.0, 'num_layers': 5, 'hidden_channels': 160, 'batch_size': 32}. Best is trial 133 with value: 0.5744251736549147.
[I 2024-12-20 11:06:40,689] Trial 137 finished with value: 0.6055866003706466 and parameters: {'lr': 0.00048532910886321104, 'weight_decay': 4.848323072902281e-06, 'dropout': 0.0, 'num_layers': 5, 'hidden_channels': 160, 'batch_size': 32}. Best is trial 133 with value: 0.5744251736549147.
[I 2024-12-20 11:07:23,111] Trial 138 pruned. 
[I 2024-12-20 11:07:25,340] Trial 139 pruned. 
[I 2024-12-20 11:07:27,054] Trial 140 pruned. 
[I 2024-12-20 11:07:28,827] Trial 141 pruned. 
[I 2024-12-20 11:07:31,059] Trial 142 pruned. 
[I 2024-12-20 11:07:32,836] Trial 143 pruned. 
[I 2024-12-20 11:07:34,554] Trial 144 pruned. 
[I 2024-12-20 11:09:14,326] Trial 145 finished with value: 0.5543298777351935 and parameters: {'lr': 0.0004375904912270023, 'weight_decay': 1.5310655713352806e-06, 'dropout': 0.0, 'num_layers': 5, 'hidden_channels': 160, 'batch_size': 16}. Best is trial 145 with value: 0.5543298777351935.
[I 2024-12-20 11:09:16,491] Trial 146 pruned. 
[I 2024-12-20 11:09:18,746] Trial 147 pruned. 
[I 2024-12-20 11:09:20,922] Trial 148 pruned. 
[I 2024-12-20 11:09:23,114] Trial 149 pruned. 
[I 2024-12-20 11:09:26,558] Trial 150 pruned. 
[I 2024-12-20 11:09:28,350] Trial 151 pruned. 
[I 2024-12-20 11:10:06,635] Trial 152 finished with value: 0.6043122105295449 and parameters: {'lr': 0.0006398770834189221, 'weight_decay': 2.920598336425241e-06, 'dropout': 0.0, 'num_layers': 5, 'hidden_channels': 160, 'batch_size': 48}. Best is trial 145 with value: 0.5543298777351935.
[I 2024-12-20 11:10:08,986] Trial 153 pruned. 
[I 2024-12-20 11:10:10,621] Trial 154 pruned. 
[I 2024-12-20 11:10:12,380] Trial 155 pruned. 
[I 2024-12-20 11:10:14,658] Trial 156 pruned. 
[I 2024-12-20 11:10:16,593] Trial 157 pruned. 
[I 2024-12-20 11:10:18,545] Trial 158 pruned. 
[I 2024-12-20 11:11:58,321] Trial 159 finished with value: 0.5923272956770491 and parameters: {'lr': 0.0006482581422889745, 'weight_decay': 7.704331541187492e-06, 'dropout': 0.0, 'num_layers': 5, 'hidden_channels': 160, 'batch_size': 16}. Best is trial 145 with value: 0.5543298777351935.
[I 2024-12-20 11:12:00,301] Trial 160 pruned. 
[I 2024-12-20 11:12:02,598] Trial 161 pruned. 
[I 2024-12-20 11:12:04,795] Trial 162 pruned. 
[I 2024-12-20 11:12:06,650] Trial 163 pruned. 
[I 2024-12-20 11:12:09,882] Trial 164 pruned. 
[I 2024-12-20 11:12:12,250] Trial 165 pruned. 
[I 2024-12-20 11:12:13,889] Trial 166 pruned. 
[I 2024-12-20 11:12:16,370] Trial 167 pruned. 
[I 2024-12-20 11:12:18,446] Trial 168 pruned. 
[I 2024-12-20 11:12:20,796] Trial 169 pruned. 
[I 2024-12-20 11:13:14,056] Trial 170 finished with value: 0.5879804979742759 and parameters: {'lr': 0.000543625497929494, 'weight_decay': 2.9723054592938534e-06, 'dropout': 0.0, 'num_layers': 5, 'hidden_channels': 128, 'batch_size': 32}. Best is trial 145 with value: 0.5543298777351935.
[I 2024-12-20 11:13:16,864] Trial 171 pruned. 
[I 2024-12-20 11:13:19,108] Trial 172 pruned. 
[I 2024-12-20 11:13:22,438] Trial 173 pruned. 
[I 2024-12-20 11:13:24,887] Trial 174 pruned. 
[I 2024-12-20 11:13:27,418] Trial 175 pruned. 
[I 2024-12-20 11:13:29,198] Trial 176 pruned. 
[I 2024-12-20 11:15:09,192] Trial 177 finished with value: 0.6078713033125638 and parameters: {'lr': 0.0007368355973368809, 'weight_decay': 3.964190544004136e-06, 'dropout': 0.0, 'num_layers': 5, 'hidden_channels': 160, 'batch_size': 16}. Best is trial 145 with value: 0.5543298777351935.
[I 2024-12-20 11:15:11,965] Trial 178 pruned. 
[I 2024-12-20 11:15:14,143] Trial 179 pruned. 
[I 2024-12-20 11:15:16,386] Trial 180 pruned. 
[I 2024-12-20 11:15:18,567] Trial 181 pruned. 
[I 2024-12-20 11:15:20,431] Trial 182 pruned. 
[I 2024-12-20 11:15:22,884] Trial 183 pruned. 
[I 2024-12-20 11:15:27,119] Trial 184 pruned. 
[I 2024-12-20 11:15:28,916] Trial 185 pruned. 
[I 2024-12-20 11:15:30,525] Trial 186 pruned. 
[I 2024-12-20 11:15:32,348] Trial 187 pruned. 
[I 2024-12-20 11:15:34,576] Trial 188 pruned. 
[I 2024-12-20 11:15:36,429] Trial 189 pruned. 
[I 2024-12-20 11:15:38,394] Trial 190 pruned. 
[I 2024-12-20 11:15:40,066] Trial 191 pruned. 
[I 2024-12-20 11:15:42,063] Trial 192 pruned. 
[I 2024-12-20 11:15:43,666] Trial 193 pruned. 
[I 2024-12-20 11:15:45,580] Trial 194 pruned. 
[I 2024-12-20 11:15:46,977] Trial 195 pruned. 
[I 2024-12-20 11:15:48,552] Trial 196 pruned. 
[I 2024-12-20 11:15:50,488] Trial 197 pruned. 
[I 2024-12-20 11:15:52,099] Trial 198 pruned. 
[I 2024-12-20 11:15:53,872] Trial 199 pruned. 
[I 2024-12-20 11:15:56,270] Trial 200 pruned. 
[I 2024-12-20 11:15:57,840] Trial 201 pruned. 
[I 2024-12-20 11:15:59,695] Trial 202 pruned. 
[I 2024-12-20 11:16:01,532] Trial 203 pruned. 
[I 2024-12-20 11:16:03,338] Trial 204 pruned. 
[I 2024-12-20 11:16:05,644] Trial 205 pruned. 
[I 2024-12-20 11:16:08,622] Trial 206 pruned. 
[I 2024-12-20 11:16:10,447] Trial 207 pruned. 
[I 2024-12-20 11:16:12,318] Trial 208 pruned. 
[I 2024-12-20 11:16:13,907] Trial 209 pruned. 
[I 2024-12-20 11:16:15,341] Trial 210 pruned. 
[I 2024-12-20 11:16:18,676] Trial 211 pruned. 
[I 2024-12-20 11:16:20,364] Trial 212 pruned. 
[I 2024-12-20 11:16:22,115] Trial 213 pruned. 
[I 2024-12-20 11:16:23,794] Trial 214 pruned. 
[I 2024-12-20 11:17:54,031] Trial 215 finished with value: 0.5915850773375585 and parameters: {'lr': 0.0007734171920409585, 'weight_decay': 5.506374975652276e-06, 'dropout': 0.0, 'num_layers': 4, 'hidden_channels': 160, 'batch_size': 16}. Best is trial 145 with value: 0.5543298777351935.
[I 2024-12-20 11:17:57,176] Trial 216 pruned. 
[I 2024-12-20 11:17:59,168] Trial 217 pruned. 
[I 2024-12-20 11:18:01,622] Trial 218 pruned. 
[I 2024-12-20 11:18:04,021] Trial 219 pruned. 
[I 2024-12-20 11:18:06,110] Trial 220 pruned. 
[I 2024-12-20 11:18:54,669] Trial 221 finished with value: 0.5947091737406859 and parameters: {'lr': 0.0010776444912852462, 'weight_decay': 3.970330670529515e-06, 'dropout': 0.0, 'num_layers': 4, 'hidden_channels': 160, 'batch_size': 32}. Best is trial 145 with value: 0.5543298777351935.
[I 2024-12-20 11:18:56,400] Trial 222 pruned. 
[I 2024-12-20 11:18:58,075] Trial 223 pruned. 
[I 2024-12-20 11:19:00,270] Trial 224 pruned. 
[I 2024-12-20 11:19:48,361] Trial 225 finished with value: 0.5972091648118464 and parameters: {'lr': 0.0006541898778174306, 'weight_decay': 5.470275818231194e-06, 'dropout': 0.0, 'num_layers': 4, 'hidden_channels': 160, 'batch_size': 32}. Best is trial 145 with value: 0.5543298777351935.
[I 2024-12-20 11:19:50,566] Trial 226 pruned. 
[I 2024-12-20 11:19:52,716] Trial 227 pruned. 
[I 2024-12-20 11:19:54,872] Trial 228 pruned. 
[I 2024-12-20 11:19:56,987] Trial 229 pruned. 
[I 2024-12-20 11:19:58,963] Trial 230 pruned. 
[I 2024-12-20 11:20:00,723] Trial 231 pruned. 
[I 2024-12-20 11:20:02,463] Trial 232 pruned. 
[I 2024-12-20 11:20:04,287] Trial 233 pruned. 
[I 2024-12-20 11:20:06,569] Trial 234 pruned. 
[I 2024-12-20 11:20:08,301] Trial 235 pruned. 
[I 2024-12-20 11:20:10,298] Trial 236 pruned. 
[I 2024-12-20 11:20:12,169] Trial 237 pruned. 
[I 2024-12-20 11:20:14,598] Trial 238 pruned. 
[I 2024-12-20 11:20:16,432] Trial 239 pruned. 
[I 2024-12-20 11:20:18,358] Trial 240 pruned. 
[I 2024-12-20 11:20:20,244] Trial 241 pruned. 
[I 2024-12-20 11:20:22,506] Trial 242 pruned. 
[I 2024-12-20 11:20:24,278] Trial 243 pruned. 
[I 2024-12-20 11:20:25,976] Trial 244 pruned. 
[I 2024-12-20 11:20:29,347] Trial 245 pruned. 
[I 2024-12-20 11:20:30,782] Trial 246 pruned. 
[I 2024-12-20 11:20:32,444] Trial 247 pruned. 
[I 2024-12-20 11:20:34,263] Trial 248 pruned. 
[I 2024-12-20 11:20:36,633] Trial 249 pruned. 
[I 2024-12-20 11:20:38,379] Trial 250 pruned. 
[I 2024-12-20 11:20:40,257] Trial 251 pruned. 
[I 2024-12-20 11:20:48,308] Trial 252 pruned. 
[I 2024-12-20 11:20:50,702] Trial 253 pruned. 
[I 2024-12-20 11:20:52,421] Trial 254 pruned. 
[I 2024-12-20 11:20:54,019] Trial 255 pruned. 
[I 2024-12-20 11:20:55,735] Trial 256 pruned. 
[I 2024-12-20 11:21:02,831] Trial 257 pruned. 
[I 2024-12-20 11:21:04,795] Trial 258 pruned. 
[I 2024-12-20 11:21:06,528] Trial 259 pruned. 
[I 2024-12-20 11:21:08,970] Trial 260 pruned. 
[I 2024-12-20 11:21:10,462] Trial 261 pruned. 
[I 2024-12-20 11:21:12,020] Trial 262 pruned. 
[I 2024-12-20 11:21:13,735] Trial 263 pruned. 
[I 2024-12-20 11:21:18,529] Trial 264 pruned. 
[I 2024-12-20 11:21:20,458] Trial 265 pruned. 
[I 2024-12-20 11:21:21,894] Trial 266 pruned. 
[I 2024-12-20 11:21:24,318] Trial 267 pruned. 
[I 2024-12-20 11:21:29,264] Trial 268 pruned. 
[I 2024-12-20 11:21:30,913] Trial 269 pruned. 
[I 2024-12-20 11:21:32,794] Trial 270 pruned. 
[I 2024-12-20 11:21:34,947] Trial 271 pruned. 
[I 2024-12-20 11:21:36,865] Trial 272 pruned. 
[I 2024-12-20 11:21:38,644] Trial 273 pruned. 
[I 2024-12-20 11:21:40,283] Trial 274 pruned. 
[I 2024-12-20 11:21:42,517] Trial 275 pruned. 
[I 2024-12-20 11:21:44,373] Trial 276 pruned. 
[I 2024-12-20 11:21:46,094] Trial 277 pruned. 
[I 2024-12-20 11:21:47,928] Trial 278 pruned. 
[I 2024-12-20 11:21:49,778] Trial 279 pruned. 
[I 2024-12-20 11:21:51,949] Trial 280 pruned. 
[I 2024-12-20 11:21:53,748] Trial 281 pruned. 
[I 2024-12-20 11:21:56,006] Trial 282 pruned. 
[I 2024-12-20 11:21:57,767] Trial 283 pruned. 
[I 2024-12-20 11:21:59,439] Trial 284 pruned. 
[I 2024-12-20 11:22:01,230] Trial 285 pruned. 
[I 2024-12-20 11:22:03,714] Trial 286 pruned. 
[I 2024-12-20 11:22:05,296] Trial 287 pruned. 
