[I 2024-12-20 11:22:06,789] Trial 288 pruned. 
[I 2024-12-20 11:22:08,891] Trial 289 pruned. 
[I 2024-12-20 11:22:11,257] Trial 290 pruned. 
[I 2024-12-20 11:22:13,015] Trial 291 pruned. 
[I 2024-12-20 11:22:15,318] Trial 292 pruned. 
[I 2024-12-20 11:22:17,081] Trial 293 pruned. 
[I 2024-12-20 11:22:18,803] Trial 294 pruned. 
[I 2024-12-20 11:22:21,099] Trial 295 pruned. 
[I 2024-12-20 11:22:23,018] Trial 296 pruned. 
[I 2024-12-20 11:22:24,966] Trial 297 pruned. 
[I 2024-12-20 11:22:27,204] Trial 298 pruned. 
[I 2024-12-20 11:22:33,853] Trial 299 pruned. 
[I 2024-12-20 11:22:35,696] Trial 300 pruned. 
[I 2024-12-20 11:22:37,282] Trial 301 pruned. 
[I 2024-12-20 11:22:39,250] Trial 302 pruned. 
[I 2024-12-20 11:22:40,782] Trial 303 pruned. 
[I 2024-12-20 11:22:44,864] Trial 304 pruned. 
[I 2024-12-20 11:22:47,622] Trial 305 pruned. 
[I 2024-12-20 11:22:49,732] Trial 306 pruned. 
[I 2024-12-20 11:22:52,522] Trial 307 pruned. 
[I 2024-12-20 11:24:00,529] Trial 308 finished with value: 0.5772761995805717 and parameters: {'lr': 0.0007510031477119658, 'weight_decay': 5.716571321437924e-06, 'dropout': 0.0, 'num_layers': 4, 'hidden_channels': 192, 'batch_size': 32}. Best is trial 145 with value: 0.5543298777351935.
[I 2024-12-20 11:24:03,821] Trial 309 pruned. 
[I 2024-12-20 11:24:05,706] Trial 310 pruned. 
[I 2024-12-20 11:24:08,282] Trial 311 pruned. 
[I 2024-12-20 11:24:10,058] Trial 312 pruned. 
[I 2024-12-20 11:24:16,762] Trial 313 pruned. 
[I 2024-12-20 11:24:18,478] Trial 314 pruned. 
[I 2024-12-20 11:25:27,421] Trial 315 finished with value: 0.6177821614327559 and parameters: {'lr': 0.0009676414228775898, 'weight_decay': 4.833829140888974e-06, 'dropout': 0.1, 'num_layers': 4, 'hidden_channels': 192, 'batch_size': 32}. Best is trial 145 with value: 0.5543298777351935.
[I 2024-12-20 11:25:29,510] Trial 316 pruned. 
[I 2024-12-20 11:25:30,965] Trial 317 pruned. 
[I 2024-12-20 11:25:33,766] Trial 318 pruned. 
[I 2024-12-20 11:25:37,836] Trial 319 pruned. 
[I 2024-12-20 11:25:39,460] Trial 320 pruned. 
[I 2024-12-20 11:25:42,046] Trial 321 pruned. 
[I 2024-12-20 11:25:44,686] Trial 322 pruned. 
[I 2024-12-20 11:25:46,543] Trial 323 pruned. 
[I 2024-12-20 11:25:48,577] Trial 324 pruned. 
[I 2024-12-20 11:25:51,274] Trial 325 pruned. 
[I 2024-12-20 11:25:53,216] Trial 326 pruned. 
[I 2024-12-20 11:25:55,719] Trial 327 pruned. 
[I 2024-12-20 11:25:57,724] Trial 328 pruned. 
[I 2024-12-20 11:25:59,523] Trial 329 pruned. 
[I 2024-12-20 11:26:01,492] Trial 330 pruned. 
[I 2024-12-20 11:26:03,224] Trial 331 pruned. 
[I 2024-12-20 11:26:05,149] Trial 332 pruned. 
[I 2024-12-20 11:26:07,943] Trial 333 pruned. 
[I 2024-12-20 11:26:09,434] Trial 334 pruned. 
[I 2024-12-20 11:26:11,490] Trial 335 pruned. 
[I 2024-12-20 11:26:13,491] Trial 336 pruned. 
[I 2024-12-20 11:26:16,263] Trial 337 pruned. 
[I 2024-12-20 11:26:17,765] Trial 338 pruned. 
[I 2024-12-20 11:26:19,686] Trial 339 pruned. 
[I 2024-12-20 11:26:21,552] Trial 340 pruned. 
[I 2024-12-20 11:26:25,462] Trial 341 pruned. 
[I 2024-12-20 11:27:32,510] Trial 342 finished with value: 0.575356918974083 and parameters: {'lr': 0.0006836945494084346, 'weight_decay': 7.791197103222023e-06, 'dropout': 0.0, 'num_layers': 5, 'hidden_channels': 192, 'batch_size': 32}. Best is trial 145 with value: 0.5543298777351935.
[I 2024-12-20 11:27:34,522] Trial 343 pruned. 
[I 2024-12-20 11:27:36,517] Trial 344 pruned. 
[I 2024-12-20 11:27:38,564] Trial 345 pruned. 
[I 2024-12-20 11:27:40,674] Trial 346 pruned. 
[I 2024-12-20 11:27:42,467] Trial 347 pruned. 
[I 2024-12-20 11:27:44,436] Trial 348 pruned. 
[I 2024-12-20 11:27:46,510] Trial 349 pruned. 
[I 2024-12-20 11:28:22,390] Trial 350 pruned. 
[I 2024-12-20 11:28:24,404] Trial 351 pruned. 
[I 2024-12-20 11:28:26,413] Trial 352 pruned. 
[I 2024-12-20 11:29:21,712] Trial 353 pruned. 
[I 2024-12-20 11:29:23,441] Trial 354 pruned. 
[I 2024-12-20 11:29:25,485] Trial 355 pruned. 
[I 2024-12-20 11:29:28,284] Trial 356 pruned. 
[I 2024-12-20 11:29:30,875] Trial 357 pruned. 
[I 2024-12-20 11:29:39,975] Trial 358 pruned. 
[I 2024-12-20 11:29:41,628] Trial 359 pruned. 
[I 2024-12-20 11:29:44,302] Trial 360 pruned. 
[I 2024-12-20 11:29:46,150] Trial 361 pruned. 
[I 2024-12-20 11:29:48,855] Trial 362 pruned. 
[I 2024-12-20 11:29:50,822] Trial 363 pruned. 
[I 2024-12-20 11:29:52,593] Trial 364 pruned. 
[I 2024-12-20 11:29:58,490] Trial 365 pruned. 
[I 2024-12-20 11:30:05,875] Trial 366 pruned. 
[I 2024-12-20 11:30:07,456] Trial 367 pruned. 
[I 2024-12-20 11:30:09,557] Trial 368 pruned. 
[I 2024-12-20 11:30:11,594] Trial 369 pruned. 
[I 2024-12-20 11:31:56,569] Trial 370 pruned. 
[I 2024-12-20 11:31:58,636] Trial 371 pruned. 
[I 2024-12-20 11:32:00,726] Trial 372 pruned. 
[I 2024-12-20 11:32:03,034] Trial 373 pruned. 
[I 2024-12-20 11:32:04,546] Trial 374 pruned. 
[I 2024-12-20 11:32:07,136] Trial 375 pruned. 
[I 2024-12-20 11:32:11,374] Trial 376 pruned. 
[I 2024-12-20 11:32:13,363] Trial 377 pruned. 
[I 2024-12-20 11:32:16,085] Trial 378 pruned. 
[I 2024-12-20 11:32:21,218] Trial 379 pruned. 
[I 2024-12-20 11:32:22,901] Trial 380 pruned. 
[I 2024-12-20 11:32:24,949] Trial 381 pruned. 
[I 2024-12-20 11:32:26,968] Trial 382 pruned. 
[I 2024-12-20 11:32:28,723] Trial 383 pruned. 
[I 2024-12-20 11:32:32,911] Trial 384 pruned. 
[I 2024-12-20 11:32:34,967] Trial 385 pruned. 
[I 2024-12-20 11:32:37,703] Trial 386 pruned. 
[I 2024-12-20 11:32:41,867] Trial 387 pruned. 
[I 2024-12-20 11:32:43,926] Trial 388 pruned. 
[I 2024-12-20 11:32:45,863] Trial 389 pruned. 
[I 2024-12-20 11:32:47,613] Trial 390 pruned. 
[I 2024-12-20 11:32:50,409] Trial 391 pruned. 
[I 2024-12-20 11:32:52,963] Trial 392 pruned. 
[I 2024-12-20 11:32:55,875] Trial 393 pruned. 
[I 2024-12-20 11:32:57,620] Trial 394 pruned. 
[I 2024-12-20 11:33:01,596] Trial 395 pruned. 
[I 2024-12-20 11:33:03,677] Trial 396 pruned. 
[I 2024-12-20 11:33:05,598] Trial 397 pruned. 
[I 2024-12-20 11:33:07,732] Trial 398 pruned. 
[I 2024-12-20 11:33:11,791] Trial 399 pruned. 
[I 2024-12-20 11:33:20,857] Trial 400 pruned. 
[I 2024-12-20 11:33:22,644] Trial 401 pruned. 
[I 2024-12-20 11:33:24,219] Trial 402 pruned. 
[I 2024-12-20 11:33:26,032] Trial 403 pruned. 
[I 2024-12-20 11:33:27,676] Trial 404 pruned. 
[I 2024-12-20 11:33:30,207] Trial 405 pruned. 
[I 2024-12-20 11:35:37,366] Trial 406 finished with value: 0.5598694965171264 and parameters: {'lr': 0.0006209644686581074, 'weight_decay': 2.9945736625775537e-06, 'dropout': 0.0, 'num_layers': 5, 'hidden_channels': 96, 'batch_size': 16}. Best is trial 145 with value: 0.5543298777351935.
[I 2024-12-20 11:35:39,609] Trial 407 pruned. 
[I 2024-12-20 11:35:42,763] Trial 408 pruned. 
[I 2024-12-20 11:35:51,794] Trial 409 pruned. 
[I 2024-12-20 11:35:54,041] Trial 410 pruned. 
[I 2024-12-20 11:35:56,410] Trial 411 pruned. 
[I 2024-12-20 11:35:59,637] Trial 412 pruned. 
[I 2024-12-20 11:36:03,917] Trial 413 pruned. 
[I 2024-12-20 11:36:07,383] Trial 414 pruned. 
[I 2024-12-20 11:36:09,275] Trial 415 pruned. 
[I 2024-12-20 11:37:48,962] Trial 416 finished with value: 0.6033041129711366 and parameters: {'lr': 0.0003835143770813234, 'weight_decay': 5.66412360833308e-06, 'dropout': 0.0, 'num_layers': 5, 'hidden_channels': 160, 'batch_size': 16}. Best is trial 145 with value: 0.5543298777351935.
[I 2024-12-20 11:37:53,410] Trial 417 pruned. 
[I 2024-12-20 11:39:32,986] Trial 418 finished with value: 0.5695671541175997 and parameters: {'lr': 0.0003706764138410925, 'weight_decay': 6.086707917514193e-06, 'dropout': 0.0, 'num_layers': 5, 'hidden_channels': 160, 'batch_size': 16}. Best is trial 145 with value: 0.5543298777351935.
[I 2024-12-20 11:39:35,172] Trial 419 pruned. 
[I 2024-12-20 11:41:08,653] Trial 420 pruned. 
[I 2024-12-20 11:41:10,845] Trial 421 pruned. 
[I 2024-12-20 11:41:13,036] Trial 422 pruned. 
[I 2024-12-20 11:41:18,260] Trial 423 pruned. 
[I 2024-12-20 11:41:20,263] Trial 424 pruned. 
[I 2024-12-20 11:41:25,467] Trial 425 pruned. 
[I 2024-12-20 11:41:28,649] Trial 426 pruned. 
[I 2024-12-20 11:41:31,827] Trial 427 pruned. 
[I 2024-12-20 11:41:38,635] Trial 428 pruned. 
[I 2024-12-20 11:41:42,022] Trial 429 pruned. 
[I 2024-12-20 11:41:44,283] Trial 430 pruned. 
[I 2024-12-20 11:41:47,072] Trial 431 pruned. 
[I 2024-12-20 11:43:26,428] Trial 432 finished with value: 0.5656153451506521 and parameters: {'lr': 0.000760002372824458, 'weight_decay': 4.6486351181994834e-06, 'dropout': 0.0, 'num_layers': 5, 'hidden_channels': 160, 'batch_size': 16}. Best is trial 145 with value: 0.5543298777351935.
[I 2024-12-20 11:43:33,319] Trial 433 pruned. 
[I 2024-12-20 11:43:35,583] Trial 434 pruned. 
[I 2024-12-20 11:43:37,798] Trial 435 pruned. 
[I 2024-12-20 11:43:39,978] Trial 436 pruned. 
[I 2024-12-20 11:43:43,238] Trial 437 pruned. 
[I 2024-12-20 11:43:45,416] Trial 438 pruned. 
[I 2024-12-20 11:43:51,556] Trial 439 pruned. 
[I 2024-12-20 11:43:54,355] Trial 440 pruned. 
[I 2024-12-20 11:43:56,268] Trial 441 pruned. 
[I 2024-12-20 11:44:49,817] Trial 442 finished with value: 0.5796734718208835 and parameters: {'lr': 0.0005647003209499868, 'weight_decay': 1.0002165068240903e-05, 'dropout': 0.0, 'num_layers': 5, 'hidden_channels': 128, 'batch_size': 32}. Best is trial 145 with value: 0.5543298777351935.
[I 2024-12-20 11:44:52,873] Trial 443 pruned. 
[I 2024-12-20 11:44:54,510] Trial 444 pruned. 
[I 2024-12-20 11:44:56,744] Trial 445 pruned. 
[I 2024-12-20 11:44:58,417] Trial 446 pruned. 
[I 2024-12-20 11:46:38,163] Trial 447 finished with value: 0.5722629169491172 and parameters: {'lr': 0.000509213320747257, 'weight_decay': 1.032939399887996e-05, 'dropout': 0.0, 'num_layers': 5, 'hidden_channels': 128, 'batch_size': 16}. Best is trial 145 with value: 0.5543298777351935.
[I 2024-12-20 11:46:45,756] Trial 448 pruned. 
[I 2024-12-20 11:46:48,930] Trial 449 pruned. 
[I 2024-12-20 11:46:51,204] Trial 450 pruned. 
[I 2024-12-20 11:46:53,422] Trial 451 pruned. 
[I 2024-12-20 11:46:55,496] Trial 452 pruned. 
[I 2024-12-20 11:46:58,658] Trial 453 pruned. 
[I 2024-12-20 11:47:00,842] Trial 454 pruned. 
[I 2024-12-20 11:47:03,106] Trial 455 pruned. 
[I 2024-12-20 11:47:05,915] Trial 456 pruned. 
[I 2024-12-20 11:47:07,720] Trial 457 pruned. 
[I 2024-12-20 11:47:09,902] Trial 458 pruned. 
[I 2024-12-20 11:47:12,174] Trial 459 pruned. 
[I 2024-12-20 11:47:13,978] Trial 460 pruned. 
[I 2024-12-20 11:47:16,143] Trial 461 pruned. 
[I 2024-12-20 11:47:19,375] Trial 462 pruned. 
[I 2024-12-20 11:47:21,167] Trial 463 pruned. 
[I 2024-12-20 11:47:23,008] Trial 464 pruned. 
[I 2024-12-20 11:47:28,422] Trial 465 pruned. 
[I 2024-12-20 11:49:08,210] Trial 466 finished with value: 0.5597262340030615 and parameters: {'lr': 0.0005755151790174858, 'weight_decay': 9.068941631997483e-06, 'dropout': 0.0, 'num_layers': 5, 'hidden_channels': 128, 'batch_size': 16}. Best is trial 145 with value: 0.5543298777351935.
[I 2024-12-20 11:49:10,640] Trial 467 pruned. 
[I 2024-12-20 11:49:12,404] Trial 468 pruned. 
[I 2024-12-20 11:49:14,475] Trial 469 pruned. 
[I 2024-12-20 11:49:16,265] Trial 470 pruned. 
[I 2024-12-20 11:49:18,511] Trial 471 pruned. 
[I 2024-12-20 11:49:20,519] Trial 472 pruned. 
[I 2024-12-20 11:49:22,871] Trial 473 pruned. 
[I 2024-12-20 11:49:24,374] Trial 474 pruned. 
[I 2024-12-20 11:49:26,112] Trial 475 pruned. 
[I 2024-12-20 11:49:28,021] Trial 476 pruned. 
[I 2024-12-20 11:49:29,467] Trial 477 pruned. 
[I 2024-12-20 11:49:31,284] Trial 478 pruned. 
[I 2024-12-20 11:49:39,676] Trial 479 pruned. 
[I 2024-12-20 11:49:41,492] Trial 480 pruned. 
[I 2024-12-20 11:49:43,883] Trial 481 pruned. 
[I 2024-12-20 11:49:46,253] Trial 482 pruned. 
[I 2024-12-20 11:49:50,304] Trial 483 pruned. 
[I 2024-12-20 11:49:51,736] Trial 484 pruned. 
[I 2024-12-20 11:49:54,266] Trial 485 pruned. 
[I 2024-12-20 11:49:55,799] Trial 486 pruned. 
[I 2024-12-20 11:49:59,307] Trial 487 pruned. 
[I 2024-12-20 11:50:01,081] Trial 488 pruned. 
[I 2024-12-20 11:50:03,363] Trial 489 pruned. 
[I 2024-12-20 11:50:05,195] Trial 490 pruned. 
[I 2024-12-20 11:50:06,947] Trial 491 pruned. 
[I 2024-12-20 11:50:09,316] Trial 492 pruned. 
[I 2024-12-20 11:50:11,388] Trial 493 pruned. 
[I 2024-12-20 11:50:13,147] Trial 494 pruned. 
[I 2024-12-20 11:50:15,509] Trial 495 pruned. 
[I 2024-12-20 11:50:17,894] Trial 496 pruned. 
[I 2024-12-20 11:50:20,246] Trial 497 pruned. 
[I 2024-12-20 11:50:22,122] Trial 498 pruned. 
