[I 2024-12-20 11:50:24,535] Trial 499 pruned. 
Trial completed in 26.08 seconds
Trial MAE: 0.7525, MSE: 0.9355, RMSE: 0.9672, R²: 0.3231
Trial completed in 24.51 seconds
Trial MAE: 0.6613, MSE: 0.6783, RMSE: 0.8236, R²: 0.5092
Trial completed in 35.94 seconds
Trial MAE: 0.7590, MSE: 0.9265, RMSE: 0.9626, R²: 0.3296
Trial completed in 158.96 seconds
Trial MAE: 0.7793, MSE: 0.9737, RMSE: 0.9867, R²: 0.2955
Trial completed in 28.47 seconds
Trial MAE: 0.9725, MSE: 1.5178, RMSE: 1.2320, R²: -0.0983
Trial completed in 31.68 seconds
Trial MAE: 0.4602, MSE: 0.3750, RMSE: 0.6123, R²: 0.7287
Trial completed in 31.93 seconds
Trial MAE: 0.4707, MSE: 0.3963, RMSE: 0.6295, R²: 0.7133
Trial completed in 50.19 seconds
Trial MAE: 0.4617, MSE: 0.3739, RMSE: 0.6115, R²: 0.7295
Trial completed in 48.64 seconds
Trial MAE: 0.5143, MSE: 0.4412, RMSE: 0.6642, R²: 0.6808
Trial completed in 23.42 seconds
Trial MAE: 0.5042, MSE: 0.4375, RMSE: 0.6614, R²: 0.6835
Trial completed in 27.07 seconds
Trial MAE: 0.4953, MSE: 0.4240, RMSE: 0.6512, R²: 0.6932
Trial completed in 25.98 seconds
Trial MAE: 0.4747, MSE: 0.3859, RMSE: 0.6212, R²: 0.7208
Trial completed in 27.24 seconds
Trial MAE: 0.4486, MSE: 0.3545, RMSE: 0.5954, R²: 0.7435
Trial completed in 78.59 seconds
Trial MAE: 0.4414, MSE: 0.3596, RMSE: 0.5997, R²: 0.7398
Trial completed in 72.44 seconds
Trial MAE: 0.4499, MSE: 0.3625, RMSE: 0.6021, R²: 0.7377
Trial completed in 33.66 seconds
Trial MAE: 0.4475, MSE: 0.3488, RMSE: 0.5906, R²: 0.7476
Trial completed in 33.05 seconds
Trial MAE: 0.4453, MSE: 0.3481, RMSE: 0.5900, R²: 0.7481
Trial completed in 45.78 seconds
Trial MAE: 0.4588, MSE: 0.3565, RMSE: 0.5971, R²: 0.7421
Trial completed in 45.57 seconds
Trial MAE: 0.4531, MSE: 0.3631, RMSE: 0.6026, R²: 0.7373
Trial completed in 81.71 seconds
Trial MAE: 0.4433, MSE: 0.3592, RMSE: 0.5993, R²: 0.7401
Trial completed in 55.12 seconds
Trial MAE: 0.4475, MSE: 0.3732, RMSE: 0.6109, R²: 0.7300
Trial completed in 54.80 seconds
Trial MAE: 0.4530, MSE: 0.3722, RMSE: 0.6101, R²: 0.7307
Trial completed in 48.47 seconds
Trial MAE: 0.4592, MSE: 0.3756, RMSE: 0.6129, R²: 0.7282
Trial completed in 52.89 seconds
Trial MAE: 0.4479, MSE: 0.3516, RMSE: 0.5930, R²: 0.7456
Trial completed in 52.60 seconds
Trial MAE: 0.4245, MSE: 0.3300, RMSE: 0.5744, R²: 0.7612
Trial completed in 52.74 seconds
Trial MAE: 0.4304, MSE: 0.3401, RMSE: 0.5832, R²: 0.7539
Trial completed in 52.69 seconds
Trial MAE: 0.4498, MSE: 0.3667, RMSE: 0.6056, R²: 0.7346
Trial completed in 99.75 seconds
Trial MAE: 0.4119, MSE: 0.3073, RMSE: 0.5543, R²: 0.7777
Trial completed in 38.27 seconds
Trial MAE: 0.4495, MSE: 0.3652, RMSE: 0.6043, R²: 0.7358
Trial completed in 99.76 seconds
Trial MAE: 0.4355, MSE: 0.3509, RMSE: 0.5923, R²: 0.7461
Trial completed in 53.24 seconds
Trial MAE: 0.4378, MSE: 0.3457, RMSE: 0.5880, R²: 0.7498
Trial completed in 99.97 seconds
Trial MAE: 0.4481, MSE: 0.3695, RMSE: 0.6079, R²: 0.7326
Trial completed in 90.22 seconds
Trial MAE: 0.4350, MSE: 0.3500, RMSE: 0.5916, R²: 0.7468
Trial completed in 48.54 seconds
Trial MAE: 0.4423, MSE: 0.3537, RMSE: 0.5947, R²: 0.7441
Trial completed in 48.07 seconds
Trial MAE: 0.4410, MSE: 0.3567, RMSE: 0.5972, R²: 0.7419
Trial completed in 67.98 seconds
Trial MAE: 0.4322, MSE: 0.3332, RMSE: 0.5773, R²: 0.7589
Trial completed in 68.92 seconds
Trial MAE: 0.4553, MSE: 0.3817, RMSE: 0.6178, R²: 0.7238
Trial completed in 67.03 seconds
Trial MAE: 0.4231, MSE: 0.3310, RMSE: 0.5754, R²: 0.7605
Trial completed in 127.14 seconds
Trial MAE: 0.4208, MSE: 0.3135, RMSE: 0.5599, R²: 0.7732
Trial completed in 99.67 seconds
Trial MAE: 0.4436, MSE: 0.3640, RMSE: 0.6033, R²: 0.7366
Trial completed in 99.56 seconds
Trial MAE: 0.4282, MSE: 0.3244, RMSE: 0.5696, R²: 0.7653
Trial completed in 99.34 seconds
Trial MAE: 0.4153, MSE: 0.3199, RMSE: 0.5656, R²: 0.7685
Trial completed in 53.53 seconds
Trial MAE: 0.4153, MSE: 0.3360, RMSE: 0.5797, R²: 0.7569
Trial completed in 99.73 seconds
Trial MAE: 0.4232, MSE: 0.3275, RMSE: 0.5723, R²: 0.7630
Trial completed in 99.76 seconds
Trial MAE: 0.4255, MSE: 0.3133, RMSE: 0.5597, R²: 0.7733

=== Study Summary ===
Total Trials: 500
Pruned Trials: 455
Completed Trials: 45
Optimization Duration: 4395.01 seconds

Best Metrics from Completed Trials:
  Best R²: 0.7777, Hyperparameters: {'lr': 0.0004375904912270023, 'weight_decay': 1.5310655713352806e-06, 'dropout': 0.0, 'num_layers': 5, 'hidden_channels': 160, 'batch_size': 16}
  Best MAE: 0.4119, Hyperparameters: {'lr': 0.0004375904912270023, 'weight_decay': 1.5310655713352806e-06, 'dropout': 0.0, 'num_layers': 5, 'hidden_channels': 160, 'batch_size': 16}
  Best MSE: 0.3073, Hyperparameters: {'lr': 0.0004375904912270023, 'weight_decay': 1.5310655713352806e-06, 'dropout': 0.0, 'num_layers': 5, 'hidden_channels': 160, 'batch_size': 16}
  Best RMSE (Objective): 0.5543, Hyperparameters: {'lr': 0.0004375904912270023, 'weight_decay': 1.5310655713352806e-06, 'dropout': 0.0, 'num_layers': 5, 'hidden_channels': 160, 'batch_size': 16}

=== Completed Trials Details ===
Trial     R²        MAE       MSE       RMSE      Params
================================================================================
0         0.3231    0.7525    0.9355    0.9672    {'lr': 0.0015660304051579087, 'weight_decay': 5.4191526340961114e-05, 'dropout': 0.6, 'num_layers': 2, 'hidden_channels': 160, 'batch_size': 80}
1         0.5092    0.6613    0.6783    0.8236    {'lr': 9.82734264911076e-05, 'weight_decay': 9.287975941411355e-06, 'dropout': 0.2, 'num_layers': 5, 'hidden_channels': 160, 'batch_size': 128}
2         0.3296    0.7590    0.9265    0.9626    {'lr': 6.48383759858272e-05, 'weight_decay': 0.0001721547169028302, 'dropout': 0.4, 'num_layers': 6, 'hidden_channels': 192, 'batch_size': 80}
3         0.2955    0.7793    0.9737    0.9867    {'lr': 1.5632808809008706e-05, 'weight_decay': 0.00043013724138011097, 'dropout': 0.2, 'num_layers': 6, 'hidden_channels': 192, 'batch_size': 16}
4         -0.0983   0.9725    1.5178    1.2320    {'lr': 0.08156914735364203, 'weight_decay': 3.793650647358193e-05, 'dropout': 0.0, 'num_layers': 3, 'hidden_channels': 160, 'batch_size': 80}
5         0.7287    0.4602    0.3750    0.6123    {'lr': 0.0008812666786350243, 'weight_decay': 8.925864030721756e-06, 'dropout': 0.30000000000000004, 'num_layers': 6, 'hidden_channels': 192, 'batch_size': 96}
6         0.7133    0.4707    0.3963    0.6295    {'lr': 0.0016440582501992807, 'weight_decay': 7.682673140099137e-06, 'dropout': 0.1, 'num_layers': 4, 'hidden_channels': 96, 'batch_size': 80}
7         0.7295    0.4617    0.3739    0.6115    {'lr': 0.0011193640703578871, 'weight_decay': 2.2447999012170688e-06, 'dropout': 0.1, 'num_layers': 4, 'hidden_channels': 64, 'batch_size': 48}
8         0.6808    0.5143    0.4412    0.6642    {'lr': 0.0005755805535453549, 'weight_decay': 1.244845597016794e-06, 'dropout': 0.30000000000000004, 'num_layers': 4, 'hidden_channels': 64, 'batch_size': 48}
9         0.6835    0.5042    0.4375    0.6614    {'lr': 0.0033833783552880124, 'weight_decay': 2.4213030605936314e-05, 'dropout': 0.1, 'num_layers': 3, 'hidden_channels': 96, 'batch_size': 112}
10        0.6932    0.4953    0.4240    0.6512    {'lr': 0.0030864905276869635, 'weight_decay': 7.910926890056299e-06, 'dropout': 0.1, 'num_layers': 4, 'hidden_channels': 96, 'batch_size': 96}
11        0.7208    0.4747    0.3859    0.6212    {'lr': 0.001280413342195625, 'weight_decay': 1.7643805865146878e-05, 'dropout': 0.1, 'num_layers': 4, 'hidden_channels': 96, 'batch_size': 96}
12        0.7435    0.4486    0.3545    0.5954    {'lr': 0.0008913788336489001, 'weight_decay': 1.8853305972723324e-05, 'dropout': 0.0, 'num_layers': 4, 'hidden_channels': 64, 'batch_size': 96}
13        0.7398    0.4414    0.3596    0.5997    {'lr': 0.0010741519268306805, 'weight_decay': 5.524536706709226e-06, 'dropout': 0.1, 'num_layers': 5, 'hidden_channels': 160, 'batch_size': 32}
14        0.7377    0.4499    0.3625    0.6021    {'lr': 0.0011424909894583066, 'weight_decay': 5.752798007490153e-06, 'dropout': 0.1, 'num_layers': 6, 'hidden_channels': 192, 'batch_size': 32}
15        0.7476    0.4475    0.3488    0.5906    {'lr': 0.0012889368815926748, 'weight_decay': 1.7391048317761783e-06, 'dropout': 0.1, 'num_layers': 3, 'hidden_channels': 128, 'batch_size': 48}
16        0.7481    0.4453    0.3481    0.5900    {'lr': 0.0009530632340333946, 'weight_decay': 3.6780610135403015e-06, 'dropout': 0.1, 'num_layers': 3, 'hidden_channels': 160, 'batch_size': 48}
17        0.7421    0.4588    0.3565    0.5971    {'lr': 0.00042019148884798357, 'weight_decay': 4.361957349660278e-06, 'dropout': 0.1, 'num_layers': 3, 'hidden_channels': 160, 'batch_size': 32}
18        0.7373    0.4531    0.3631    0.6026    {'lr': 0.0009553016404974116, 'weight_decay': 1.3427771026977984e-05, 'dropout': 0.1, 'num_layers': 3, 'hidden_channels': 96, 'batch_size': 32}
19        0.7401    0.4433    0.3592    0.5993    {'lr': 0.001002883525552055, 'weight_decay': 1.0614711711559799e-05, 'dropout': 0.0, 'num_layers': 3, 'hidden_channels': 192, 'batch_size': 16}
20        0.7300    0.4475    0.3732    0.6109    {'lr': 0.0009478040850812572, 'weight_decay': 3.5790437638901105e-06, 'dropout': 0.2, 'num_layers': 5, 'hidden_channels': 192, 'batch_size': 32}
21        0.7307    0.4530    0.3722    0.6101    {'lr': 0.0004410469858108682, 'weight_decay': 3.7222033429367204e-06, 'dropout': 0.2, 'num_layers': 5, 'hidden_channels': 192, 'batch_size': 32}
22        0.7282    0.4592    0.3756    0.6129    {'lr': 0.0013330743316260463, 'weight_decay': 8.52277723734097e-06, 'dropout': 0.0, 'num_layers': 4, 'hidden_channels': 160, 'batch_size': 32}
23        0.7456    0.4479    0.3516    0.5930    {'lr': 0.0009865637038400192, 'weight_decay': 8.029145912507536e-06, 'dropout': 0.0, 'num_layers': 5, 'hidden_channels': 160, 'batch_size': 32}
24        0.7612    0.4245    0.3300    0.5744    {'lr': 0.0007004156893670834, 'weight_decay': 7.749766287713313e-06, 'dropout': 0.0, 'num_layers': 5, 'hidden_channels': 160, 'batch_size': 32}
25        0.7539    0.4304    0.3401    0.5832    {'lr': 0.0005248840750815412, 'weight_decay': 1.0432357113076699e-05, 'dropout': 0.0, 'num_layers': 5, 'hidden_channels': 160, 'batch_size': 32}
26        0.7346    0.4498    0.3667    0.6056    {'lr': 0.00048532910886321104, 'weight_decay': 4.848323072902281e-06, 'dropout': 0.0, 'num_layers': 5, 'hidden_channels': 160, 'batch_size': 32}
27        0.7777    0.4119    0.3073    0.5543    {'lr': 0.0004375904912270023, 'weight_decay': 1.5310655713352806e-06, 'dropout': 0.0, 'num_layers': 5, 'hidden_channels': 160, 'batch_size': 16}
28        0.7358    0.4495    0.3652    0.6043    {'lr': 0.0006398770834189221, 'weight_decay': 2.920598336425241e-06, 'dropout': 0.0, 'num_layers': 5, 'hidden_channels': 160, 'batch_size': 48}
29        0.7461    0.4355    0.3509    0.5923    {'lr': 0.0006482581422889745, 'weight_decay': 7.704331541187492e-06, 'dropout': 0.0, 'num_layers': 5, 'hidden_channels': 160, 'batch_size': 16}
30        0.7498    0.4378    0.3457    0.5880    {'lr': 0.000543625497929494, 'weight_decay': 2.9723054592938534e-06, 'dropout': 0.0, 'num_layers': 5, 'hidden_channels': 128, 'batch_size': 32}
31        0.7326    0.4481    0.3695    0.6079    {'lr': 0.0007368355973368809, 'weight_decay': 3.964190544004136e-06, 'dropout': 0.0, 'num_layers': 5, 'hidden_channels': 160, 'batch_size': 16}
32        0.7468    0.4350    0.3500    0.5916    {'lr': 0.0007734171920409585, 'weight_decay': 5.506374975652276e-06, 'dropout': 0.0, 'num_layers': 4, 'hidden_channels': 160, 'batch_size': 16}
33        0.7441    0.4423    0.3537    0.5947    {'lr': 0.0010776444912852462, 'weight_decay': 3.970330670529515e-06, 'dropout': 0.0, 'num_layers': 4, 'hidden_channels': 160, 'batch_size': 32}
34        0.7419    0.4410    0.3567    0.5972    {'lr': 0.0006541898778174306, 'weight_decay': 5.470275818231194e-06, 'dropout': 0.0, 'num_layers': 4, 'hidden_channels': 160, 'batch_size': 32}
35        0.7589    0.4322    0.3332    0.5773    {'lr': 0.0007510031477119658, 'weight_decay': 5.716571321437924e-06, 'dropout': 0.0, 'num_layers': 4, 'hidden_channels': 192, 'batch_size': 32}
36        0.7238    0.4553    0.3817    0.6178    {'lr': 0.0009676414228775898, 'weight_decay': 4.833829140888974e-06, 'dropout': 0.1, 'num_layers': 4, 'hidden_channels': 192, 'batch_size': 32}
37        0.7605    0.4231    0.3310    0.5754    {'lr': 0.0006836945494084346, 'weight_decay': 7.791197103222023e-06, 'dropout': 0.0, 'num_layers': 5, 'hidden_channels': 192, 'batch_size': 32}
38        0.7732    0.4208    0.3135    0.5599    {'lr': 0.0006209644686581074, 'weight_decay': 2.9945736625775537e-06, 'dropout': 0.0, 'num_layers': 5, 'hidden_channels': 96, 'batch_size': 16}
39        0.7366    0.4436    0.3640    0.6033    {'lr': 0.0003835143770813234, 'weight_decay': 5.66412360833308e-06, 'dropout': 0.0, 'num_layers': 5, 'hidden_channels': 160, 'batch_size': 16}
40        0.7653    0.4282    0.3244    0.5696    {'lr': 0.0003706764138410925, 'weight_decay': 6.086707917514193e-06, 'dropout': 0.0, 'num_layers': 5, 'hidden_channels': 160, 'batch_size': 16}
41        0.7685    0.4153    0.3199    0.5656    {'lr': 0.000760002372824458, 'weight_decay': 4.6486351181994834e-06, 'dropout': 0.0, 'num_layers': 5, 'hidden_channels': 160, 'batch_size': 16}
42        0.7569    0.4153    0.3360    0.5797    {'lr': 0.0005647003209499868, 'weight_decay': 1.0002165068240903e-05, 'dropout': 0.0, 'num_layers': 5, 'hidden_channels': 128, 'batch_size': 32}
43        0.7630    0.4232    0.3275    0.5723    {'lr': 0.000509213320747257, 'weight_decay': 1.032939399887996e-05, 'dropout': 0.0, 'num_layers': 5, 'hidden_channels': 128, 'batch_size': 16}
44        0.7733    0.4255    0.3133    0.5597    {'lr': 0.0005755151790174858, 'weight_decay': 9.068941631997483e-06, 'dropout': 0.0, 'num_layers': 5, 'hidden_channels': 128, 'batch_size': 16}

Total execution time: 4395.01 seconds
