[I 2024-12-19 13:21:38,775] Trial 199 pruned. 
Trial completed in 13.05 seconds
Trial MAE: 0.8742, MSE: 1.1969, RMSE: 1.0940, R²: 0.1339
Trial completed in 18.66 seconds
Trial MAE: 0.7499, MSE: 0.8627, RMSE: 0.9288, R²: 0.3758
Trial completed in 10.06 seconds
Trial MAE: 0.9560, MSE: 1.3838, RMSE: 1.1763, R²: -0.0012
Trial completed in 49.05 seconds
Trial MAE: 0.5972, MSE: 0.5919, RMSE: 0.7694, R²: 0.5717
Trial completed in 19.61 seconds
Trial MAE: 1.5530, MSE: 3.1828, RMSE: 1.7840, R²: -1.3030
Trial completed in 21.76 seconds
Trial MAE: 0.7263, MSE: 0.8252, RMSE: 0.9084, R²: 0.4029
Trial completed in 29.66 seconds
Trial MAE: 0.7982, MSE: 0.9790, RMSE: 0.9895, R²: 0.2916
Trial completed in 29.14 seconds
Trial MAE: 0.7659, MSE: 0.8995, RMSE: 0.9484, R²: 0.3491
Trial completed in 35.09 seconds
Trial MAE: 0.6912, MSE: 0.7382, RMSE: 0.8592, R²: 0.4658
Trial completed in 35.41 seconds
Trial MAE: 0.5894, MSE: 0.5896, RMSE: 0.7678, R²: 0.5734
Trial completed in 21.80 seconds
Trial MAE: 0.6644, MSE: 0.7325, RMSE: 0.8559, R²: 0.4699
Trial completed in 21.39 seconds
Trial MAE: 0.6425, MSE: 0.6632, RMSE: 0.8143, R²: 0.5202
Trial completed in 34.95 seconds
Trial MAE: 0.6150, MSE: 0.6261, RMSE: 0.7913, R²: 0.5470
Trial completed in 35.33 seconds
Trial MAE: 0.7056, MSE: 0.7935, RMSE: 0.8908, R²: 0.4258
Trial completed in 35.40 seconds
Trial MAE: 0.6098, MSE: 0.6182, RMSE: 0.7862, R²: 0.5527
Trial completed in 21.71 seconds
Trial MAE: 0.6369, MSE: 0.6852, RMSE: 0.8278, R²: 0.5042
Trial completed in 21.49 seconds
Trial MAE: 0.6457, MSE: 0.6935, RMSE: 0.8328, R²: 0.4982
Trial completed in 21.51 seconds
Trial MAE: 0.6414, MSE: 0.6653, RMSE: 0.8157, R²: 0.5186
Trial completed in 41.18 seconds
Trial MAE: 0.5573, MSE: 0.5308, RMSE: 0.7286, R²: 0.6159
Trial completed in 35.30 seconds
Trial MAE: 0.5952, MSE: 0.5964, RMSE: 0.7723, R²: 0.5685
Trial completed in 35.19 seconds
Trial MAE: 0.6110, MSE: 0.6146, RMSE: 0.7840, R²: 0.5553
Trial completed in 35.53 seconds
Trial MAE: 0.6071, MSE: 0.6055, RMSE: 0.7781, R²: 0.5619
Trial completed in 34.64 seconds
Trial MAE: 0.6184, MSE: 0.6206, RMSE: 0.7878, R²: 0.5509
Trial completed in 34.81 seconds
Trial MAE: 0.6439, MSE: 0.6534, RMSE: 0.8083, R²: 0.5272
Trial completed in 37.92 seconds
Trial MAE: 0.5873, MSE: 0.5681, RMSE: 0.7537, R²: 0.5890
Trial completed in 35.06 seconds
Trial MAE: 0.6011, MSE: 0.5950, RMSE: 0.7713, R²: 0.5695
Trial completed in 34.98 seconds
Trial MAE: 0.5908, MSE: 0.5705, RMSE: 0.7553, R²: 0.5872
Trial completed in 40.28 seconds
Trial MAE: 0.6076, MSE: 0.6173, RMSE: 0.7857, R²: 0.5533
Trial completed in 34.25 seconds
Trial MAE: 0.6117, MSE: 0.6301, RMSE: 0.7938, R²: 0.5441

=== Best Trial Summary ===
Best RMSE (Value): 0.729
Best r2 (Value): 0.729
Best Hyperparameters:
  lr: 0.0010256068482315502
  weight_decay: 1.9142216731280628e-05
  dropout: 0.1
  num_layers: 4
  hidden_channels: 192
  batch_size: 16

=== Study Statistics ===
Number of finished trials: 200
Number of pruned trials: 171
Number of completed trials: 29
Optimization completed in 1306.85 seconds

=== Completed Trials Summary ===
Trial R²      MAE     MSE     RMSE    Hyperparameters                         
================================================================================
0     0.1339  0.8742  1.1969  1.0940  {'lr': 0.0008259761477847784, 'weight_decay': 0.0002977918206267758, 'dropout': 0.2, 'num_layers': 2, 'hidden_channels': 160, 'batch_size': 64}
1     0.3758  0.7499  0.8627  0.9288  {'lr': 0.0007103899939006104, 'weight_decay': 0.0007013497502677488, 'dropout': 0.0, 'num_layers': 5, 'hidden_channels': 32, 'batch_size': 48}
2     -0.0012 0.9560  1.3838  1.1763  {'lr': 0.08019555373652364, 'weight_decay': 5.3325901387038004e-05, 'dropout': 0.30000000000000004, 'num_layers': 2, 'hidden_channels': 96, 'batch_size': 112}
3     0.5717  0.5972  0.5919  0.7694  {'lr': 0.00037685544523031756, 'weight_decay': 1.3364145059017149e-05, 'dropout': 0.2, 'num_layers': 6, 'hidden_channels': 96, 'batch_size': 16}
4     -1.3030 1.5530  3.1828  1.7840  {'lr': 4.137054591584199e-05, 'weight_decay': 6.258505303777717e-05, 'dropout': 0.6, 'num_layers': 5, 'hidden_channels': 160, 'batch_size': 48}
5     0.4029  0.7263  0.8252  0.9084  {'lr': 0.003413590182487539, 'weight_decay': 7.0968775499218865e-06, 'dropout': 0.4, 'num_layers': 3, 'hidden_channels': 128, 'batch_size': 32}
6     0.2916  0.7982  0.9790  0.9895  {'lr': 0.0008783574385950795, 'weight_decay': 3.5258545085984474e-05, 'dropout': 0.1, 'num_layers': 2, 'hidden_channels': 192, 'batch_size': 16}
7     0.3491  0.7659  0.8995  0.9484  {'lr': 0.0031879216749279527, 'weight_decay': 2.0430051778101347e-05, 'dropout': 0.0, 'num_layers': 2, 'hidden_channels': 160, 'batch_size': 16}
8     0.4658  0.6912  0.7382  0.8592  {'lr': 0.00041145116924376366, 'weight_decay': 0.0005251575959433784, 'dropout': 0.1, 'num_layers': 3, 'hidden_channels': 192, 'batch_size': 16}
9     0.5734  0.5894  0.5896  0.7678  {'lr': 0.0008459955868712085, 'weight_decay': 7.968058522453983e-06, 'dropout': 0.1, 'num_layers': 3, 'hidden_channels': 192, 'batch_size': 16}
10    0.4699  0.6644  0.7325  0.8559  {'lr': 0.0005029891279707018, 'weight_decay': 8.414809400480809e-06, 'dropout': 0.1, 'num_layers': 3, 'hidden_channels': 192, 'batch_size': 32}
11    0.5202  0.6425  0.6632  0.8143  {'lr': 0.0005537012904572614, 'weight_decay': 8.30222489527825e-06, 'dropout': 0.1, 'num_layers': 3, 'hidden_channels': 192, 'batch_size': 32}
12    0.5470  0.6150  0.6261  0.7913  {'lr': 0.001027717287322281, 'weight_decay': 8.101519391370539e-06, 'dropout': 0.2, 'num_layers': 3, 'hidden_channels': 192, 'batch_size': 16}
13    0.4258  0.7056  0.7935  0.8908  {'lr': 0.002712922630708165, 'weight_decay': 2.447288036708174e-05, 'dropout': 0.4, 'num_layers': 3, 'hidden_channels': 192, 'batch_size': 16}
14    0.5527  0.6098  0.6182  0.7862  {'lr': 0.0012200104655830117, 'weight_decay': 9.324089221128038e-06, 'dropout': 0.2, 'num_layers': 3, 'hidden_channels': 160, 'batch_size': 16}
15    0.5042  0.6369  0.6852  0.8278  {'lr': 0.001038672470739338, 'weight_decay': 1.2757709543122074e-05, 'dropout': 0.1, 'num_layers': 3, 'hidden_channels': 160, 'batch_size': 32}
16    0.4982  0.6457  0.6935  0.8328  {'lr': 0.0008509438765277615, 'weight_decay': 9.972447549168073e-06, 'dropout': 0.2, 'num_layers': 3, 'hidden_channels': 160, 'batch_size': 32}
17    0.5186  0.6414  0.6653  0.8157  {'lr': 0.0009073312143740045, 'weight_decay': 7.13786657088251e-06, 'dropout': 0.2, 'num_layers': 3, 'hidden_channels': 160, 'batch_size': 32}
18    0.6159  0.5573  0.5308  0.7286  {'lr': 0.0010256068482315502, 'weight_decay': 1.9142216731280628e-05, 'dropout': 0.1, 'num_layers': 4, 'hidden_channels': 192, 'batch_size': 16}
19    0.5685  0.5952  0.5964  0.7723  {'lr': 0.0010437547786719926, 'weight_decay': 3.125778231347703e-05, 'dropout': 0.1, 'num_layers': 3, 'hidden_channels': 192, 'batch_size': 16}
20    0.5553  0.6110  0.6146  0.7840  {'lr': 0.0008144452906277573, 'weight_decay': 3.9734690495798705e-05, 'dropout': 0.1, 'num_layers': 3, 'hidden_channels': 192, 'batch_size': 16}
21    0.5619  0.6071  0.6055  0.7781  {'lr': 0.0005040763879133827, 'weight_decay': 4.1196759511856866e-05, 'dropout': 0.1, 'num_layers': 3, 'hidden_channels': 192, 'batch_size': 16}
22    0.5509  0.6184  0.6206  0.7878  {'lr': 0.000486512526507741, 'weight_decay': 4.258194519584964e-05, 'dropout': 0.1, 'num_layers': 3, 'hidden_channels': 192, 'batch_size': 16}
23    0.5272  0.6439  0.6534  0.8083  {'lr': 0.0005636101809134263, 'weight_decay': 3.3207413416469206e-05, 'dropout': 0.1, 'num_layers': 3, 'hidden_channels': 192, 'batch_size': 16}
24    0.5890  0.5873  0.5681  0.7537  {'lr': 0.001235055980247736, 'weight_decay': 7.451562618183341e-06, 'dropout': 0.1, 'num_layers': 3, 'hidden_channels': 192, 'batch_size': 16}
25    0.5695  0.6011  0.5950  0.7713  {'lr': 0.0011508727404873338, 'weight_decay': 7.85165167975482e-06, 'dropout': 0.1, 'num_layers': 3, 'hidden_channels': 192, 'batch_size': 16}
26    0.5872  0.5908  0.5705  0.7553  {'lr': 0.0010295155809272808, 'weight_decay': 1.1139730124183454e-05, 'dropout': 0.1, 'num_layers': 3, 'hidden_channels': 192, 'batch_size': 16}
27    0.5533  0.6076  0.6173  0.7857  {'lr': 0.0007928418110129859, 'weight_decay': 8.019475434156163e-06, 'dropout': 0.1, 'num_layers': 3, 'hidden_channels': 192, 'batch_size': 16}
28    0.5441  0.6117  0.6301  0.7938  {'lr': 0.0011938737546551925, 'weight_decay': 6.920971947096686e-06, 'dropout': 0.1, 'num_layers': 3, 'hidden_channels': 192, 'batch_size': 16}

Total script execution time: 1306.85 seconds
